#
# There is insufficient memory for the Java Runtime Environment to continue.
# Native memory allocation (mmap) failed to map 83886080 bytes for committing reserved memory.
# Possible reasons:
#   The system is out of physical RAM or swap space
#   In 32 bit mode, the process size limit was hit
# Possible solutions:
#   Reduce memory load on the system
#   Increase physical memory or swap space
#   Check if swap backing store is full
#   Use 64 bit Java on a 64 bit OS
#   Decrease Java heap size (-Xmx/-Xms)
#   Decrease number of Java threads
#   Decrease Java thread stack sizes (-Xss)
#   Set larger code cache with -XX:ReservedCodeCacheSize=
# This output file may be truncated or incomplete.
#
#  Out of Memory Error (os_linux.cpp:2640), pid=13237, tid=0x00007fdc6d305700
#
# JRE version: OpenJDK Runtime Environment (8.0_131-b11) (build 1.8.0_131-b11)
# Java VM: OpenJDK 64-Bit Server VM (25.131-b11 mixed mode linux-amd64 compressed oops)
# Core dump written. Default location: /home/intelcan/Java/WebKitchen_git/core or core.13237
#

---------------  T H R E A D  ---------------

Current thread (0x00007fdc80147000):  VMThread [stack: 0x00007fdc6d205000,0x00007fdc6d306000] [id=13253]

Stack: [0x00007fdc6d205000,0x00007fdc6d306000],  sp=0x00007fdc6d304570,  free space=1021k
Native frames: (J=compiled Java code, j=interpreted, Vv=VM code, C=native code)
V  [libjvm.so+0xa692bf]
V  [libjvm.so+0x4c3be7]
V  [libjvm.so+0x8af050]
V  [libjvm.so+0x8a9d7f]
V  [libjvm.so+0x926e06]
V  [libjvm.so+0x928098]
V  [libjvm.so+0x924826]
V  [libjvm.so+0x924bcc]
V  [libjvm.so+0x8d4ce8]
V  [libjvm.so+0xa6ada3]
V  [libjvm.so+0xa6fcc6]
V  [libjvm.so+0xa6d602]
V  [libjvm.so+0xa6ea2b]
V  [libjvm.so+0xa6edd8]
V  [libjvm.so+0x8ac912]

VM_Operation (0x00007fdbebbf8500): ParallelGCFailedAllocation, mode: safepoint, requested by thread 0x00007fdbf0006000


---------------  P R O C E S S  ---------------

Java Threads: ( => current thread )
  0x00007fdbf0009800 JavaThread "http-nio-8080-exec-10" daemon [_thread_blocked, id=13376, stack(0x00007fdbeb6f9000,0x00007fdbeb7fa000)]
  0x00007fdbf0008000 JavaThread "http-nio-8080-exec-9" daemon [_thread_blocked, id=13375, stack(0x00007fdbeb7fa000,0x00007fdbeb8fb000)]
  0x00007fdbec00c800 JavaThread "http-nio-8080-exec-8" daemon [_thread_blocked, id=13374, stack(0x00007fdbeb8fb000,0x00007fdbeb9fc000)]
  0x00007fdbec005000 JavaThread "http-nio-8080-exec-7" daemon [_thread_blocked, id=13373, stack(0x00007fdbeb9fc000,0x00007fdbebafd000)]
  0x00007fdbf0006000 JavaThread "http-nio-8080-exec-5" daemon [_thread_blocked, id=13372, stack(0x00007fdbebafd000,0x00007fdbebbfe000)]
  0x00007fdbec003000 JavaThread "http-nio-8080-exec-6" daemon [_thread_blocked, id=13371, stack(0x00007fdbebbfe000,0x00007fdbebcff000)]
  0x00007fdbf0004800 JavaThread "http-nio-8080-exec-4" daemon [_thread_blocked, id=13370, stack(0x00007fdbebcff000,0x00007fdbebe00000)]
  0x00007fdbec001800 JavaThread "http-nio-8080-exec-3" daemon [_thread_blocked, id=13369, stack(0x00007fdc300c9000,0x00007fdc301ca000)]
  0x00007fdbf0003800 JavaThread "http-nio-8080-exec-2" daemon [_thread_blocked, id=13368, stack(0x00007fdc303cc000,0x00007fdc304cd000)]
  0x00007fdbf0001800 JavaThread "http-nio-8080-exec-1" daemon [_thread_blocked, id=13365, stack(0x00007fdc301ca000,0x00007fdc302cb000)]
  0x00007fdc2c004000 JavaThread "RMI TCP Connection(idle)" daemon [_thread_blocked, id=13352, stack(0x00007fdc302cb000,0x00007fdc303cc000)]
  0x00007fdc24003000 JavaThread "RMI TCP Connection(idle)" daemon [_thread_blocked, id=13350, stack(0x00007fdc304cd000,0x00007fdc305ce000)]
  0x00007fdc80012800 JavaThread "DestroyJavaVM" [_thread_blocked, id=13241, stack(0x00007fdc8607b000,0x00007fdc8617c000)]
  0x00007fdc8103e800 JavaThread "http-nio-8080-AsyncTimeout" daemon [_thread_blocked, id=13344, stack(0x00007fdc305ce000,0x00007fdc306cf000)]
  0x00007fdc8103d000 JavaThread "http-nio-8080-Acceptor-0" daemon [_thread_in_native, id=13343, stack(0x00007fdc306cf000,0x00007fdc307d0000)]
  0x00007fdc8103a800 JavaThread "http-nio-8080-ClientPoller-1" daemon [_thread_in_native, id=13342, stack(0x00007fdc307d0000,0x00007fdc308d1000)]
  0x00007fdc8102b800 JavaThread "http-nio-8080-ClientPoller-0" daemon [_thread_in_native, id=13341, stack(0x00007fdc308d1000,0x00007fdc309d2000)]
  0x00007fdc8101c800 JavaThread "NioBlockingSelector.BlockPoller-1" daemon [_thread_in_native, id=13340, stack(0x00007fdc309d2000,0x00007fdc30ad3000)]
  0x00007fdc2c003000 JavaThread "RMI TCP Connection(idle)" daemon [_thread_blocked, id=13337, stack(0x00007fdc30cd3000,0x00007fdc30dd4000)]
  0x00007fdc80f05000 JavaThread "MessageBroker-1" [_thread_blocked, id=13333, stack(0x00007fdc311d4000,0x00007fdc312d5000)]
  0x00007fdc80e05000 JavaThread "container-0" [_thread_blocked, id=13326, stack(0x00007fdc312d5000,0x00007fdc313d6000)]
  0x00007fdc104a5800 JavaThread "ContainerBackgroundProcessor[StandardEngine[Tomcat].StandardHost[localhost].StandardContext[]]" daemon [_thread_blocked, id=13325, stack(0x00007fdc319d6000,0x00007fdc31ad7000)]
  0x00007fdc10191800 JavaThread "Tomcat JDBC Pool Cleaner[414493378:1504363897094]" daemon [_thread_blocked, id=13308, stack(0x00007fdc320d7000,0x00007fdc321d8000)]
  0x00007fdc2c001000 JavaThread "RMI TCP Connection(idle)" daemon [_thread_blocked, id=13286, stack(0x00007fdc32ed9000,0x00007fdc32fda000)]
  0x00007fdc1400a800 JavaThread "RMI Scheduler(0)" daemon [_thread_blocked, id=13285, stack(0x00007fdc32fda000,0x00007fdc330db000)]
  0x00007fdc24001800 JavaThread "RMI TCP Connection(idle)" daemon [_thread_blocked, id=13283, stack(0x00007fdc330db000,0x00007fdc331dc000)]
  0x00007fdc806e6800 JavaThread "RMI TCP Accept-0" daemon [_thread_in_native, id=13277, stack(0x00007fdc337de000,0x00007fdc338df000)]
  0x00007fdc806bf800 JavaThread "RMI TCP Accept-39699" daemon [_thread_in_native, id=13276, stack(0x00007fdc338df000,0x00007fdc339e0000)]
  0x00007fdc806ab000 JavaThread "RMI TCP Accept-0" daemon [_thread_in_native, id=13275, stack(0x00007fdc580b3000,0x00007fdc581b4000)]
  0x00007fdc805bd000 JavaThread "Service Thread" daemon [_thread_blocked, id=13274, stack(0x00007fdc6c48d000,0x00007fdc6c58e000)]
  0x00007fdc805af800 JavaThread "C1 CompilerThread2" daemon [_thread_blocked, id=13273, stack(0x00007fdc6c7a5000,0x00007fdc6c8a6000)]
  0x00007fdc805ad800 JavaThread "C2 CompilerThread1" daemon [_thread_blocked, id=13272, stack(0x00007fdc6c8a6000,0x00007fdc6c9a7000)]
  0x00007fdc805ab800 JavaThread "C2 CompilerThread0" daemon [_thread_blocked, id=13271, stack(0x00007fdc6c9a7000,0x00007fdc6caa8000)]
  0x00007fdc805aa000 JavaThread "Monitor Ctrl-Break" daemon [_thread_in_native, id=13270, stack(0x00007fdc6caa8000,0x00007fdc6cba9000)]
  0x00007fdc80186800 JavaThread "Signal Dispatcher" daemon [_thread_blocked, id=13269, stack(0x00007fdc6ce80000,0x00007fdc6cf81000)]
  0x00007fdc80153800 JavaThread "Finalizer" daemon [_thread_blocked, id=13258, stack(0x00007fdc6d003000,0x00007fdc6d104000)]
  0x00007fdc8014e800 JavaThread "Reference Handler" daemon [_thread_blocked, id=13256, stack(0x00007fdc6d104000,0x00007fdc6d205000)]

Other Threads:
=>0x00007fdc80147000 VMThread [stack: 0x00007fdc6d205000,0x00007fdc6d306000] [id=13253]
  0x00007fdc806e9000 WatcherThread [stack: 0x00007fdc336dd000,0x00007fdc337de000] [id=13278]

VM state:at safepoint (normal execution)

VM Mutex/Monitor currently owned by a thread:  ([mutex/lock_event])
[0x00007fdc80009e60] Threads_lock - owner thread: 0x00007fdc80147000
[0x00007fdc8000a360] Heap_lock - owner thread: 0x00007fdbf0006000

Heap:
 PSYoungGen      total 371200K, used 11397K [0x00000000d6d80000, 0x00000000eea00000, 0x0000000100000000)
  eden space 352768K, 0% used [0x00000000d6d80000,0x00000000d6d80000,0x00000000ec600000)
  from space 18432K, 61% used [0x00000000ec600000,0x00000000ed121718,0x00000000ed800000)
  to   space 14336K, 0% used [0x00000000edc00000,0x00000000edc00000,0x00000000eea00000)
 ParOldGen       total 96768K, used 41811K [0x0000000084800000, 0x000000008a680000, 0x00000000d6d80000)
  object space 96768K, 43% used [0x0000000084800000,0x00000000870d4d50,0x000000008a680000)
 Metaspace       used 50766K, capacity 51428K, committed 51672K, reserved 1093632K
  class space    used 6660K, capacity 6821K, committed 6912K, reserved 1048576K

Card table byte_map: [0x00007fdc6f5cb000,0x00007fdc6f9a8000] byte_map_base: 0x00007fdc6f1a7000

Marking Bits: (ParMarkBitMap*) 0x00007fdc853860c0
 Begin Bits: [0x00007fdc58240000, 0x00007fdc5a120000)
 End Bits:   [0x00007fdc5a120000, 0x00007fdc5c000000)

Polling page: 0x00007fdc861ae000

CodeCache: size=245760Kb used=13931Kb max_used=13931Kb free=231828Kb
 bounds [0x00007fdc6fd68000, 0x00007fdc70b08000, 0x00007fdc7ed68000]
 total_blobs=7819 nmethods=7300 adapters=432
 compilation: enabled

Compilation events (10 events):
Event: 34,923 Thread 0x00007fdc805af800 nmethod 7424 0x00007fdc70b04c10 code [0x00007fdc70b04da0, 0x00007fdc70b05088]
Event: 34,982 Thread 0x00007fdc805af800 7425       1       org.springframework.core.io.ClassPathResource::getFilename (8 bytes)
Event: 35,333 Thread 0x00007fdc805af800 nmethod 7425 0x00007fdc70b053d0 code [0x00007fdc70b05560, 0x00007fdc70b05758]
Event: 37,236 Thread 0x00007fdc805af800 7427       1       org.apache.catalina.webresources.CachedResource::getNextCheck (5 bytes)
Event: 37,371 Thread 0x00007fdc805af800 nmethod 7427 0x00007fdc70b05950 code [0x00007fdc70b05aa0, 0x00007fdc70b05bb0]
Event: 37,409 Thread 0x00007fdc805af800 7428       1       org.apache.catalina.webresources.Cache$EvictionOrder::compare (13 bytes)
Event: 37,584 Thread 0x00007fdc805af800 nmethod 7428 0x00007fdc70b05c10 code [0x00007fdc70b05d80, 0x00007fdc70b05f70]
Event: 37,619 Thread 0x00007fdc805af800 7429       1       org.apache.catalina.webresources.Cache$EvictionOrder::compare (31 bytes)
Event: 37,783 Thread 0x00007fdc805af800 nmethod 7429 0x00007fdc70b06090 code [0x00007fdc70b06200, 0x00007fdc70b06370]
Event: 47,837 Thread 0x00007fdc805af800 7430       1       org.apache.tomcat.util.buf.CharChunk::setLimit (6 bytes)

GC Heap History (10 events):
Event: 4,197 GC heap after
Heap after GC invocations=10 (full 1):
 PSYoungGen      total 261632K, used 12272K [0x00000000d6d80000, 0x00000000e9800000, 0x0000000100000000)
  eden space 249344K, 0% used [0x00000000d6d80000,0x00000000d6d80000,0x00000000e6100000)
  from space 12288K, 99% used [0x00000000e6100000,0x00000000e6cfc1a8,0x00000000e6d00000)
  to   space 13824K, 0% used [0x00000000e8a80000,0x00000000e8a80000,0x00000000e9800000)
 ParOldGen       total 65536K, used 18430K [0x0000000084800000, 0x0000000088800000, 0x00000000d6d80000)
  object space 65536K, 28% used [0x0000000084800000,0x00000000859ffba0,0x0000000088800000)
 Metaspace       used 28036K, capacity 28484K, committed 28928K, reserved 1075200K
  class space    used 3628K, capacity 3758K, committed 3840K, reserved 1048576K
}
Event: 4,779 GC heap before
{Heap before GC invocations=11 (full 1):
 PSYoungGen      total 261632K, used 98095K [0x00000000d6d80000, 0x00000000e9800000, 0x0000000100000000)
  eden space 249344K, 34% used [0x00000000d6d80000,0x00000000dc14fbe8,0x00000000e6100000)
  from space 12288K, 99% used [0x00000000e6100000,0x00000000e6cfc1a8,0x00000000e6d00000)
  to   space 13824K, 0% used [0x00000000e8a80000,0x00000000e8a80000,0x00000000e9800000)
 ParOldGen       total 65536K, used 18430K [0x0000000084800000, 0x0000000088800000, 0x00000000d6d80000)
  object space 65536K, 28% used [0x0000000084800000,0x00000000859ffba0,0x0000000088800000)
 Metaspace       used 34785K, capacity 35182K, committed 35416K, reserved 1079296K
  class space    used 4548K, capacity 4661K, committed 4736K, reserved 1048576K
Event: 4,800 GC heap after
Heap after GC invocations=11 (full 1):
 PSYoungGen      total 290304K, used 13500K [0x00000000d6d80000, 0x00000000ed380000, 0x0000000100000000)
  eden space 276480K, 0% used [0x00000000d6d80000,0x00000000d6d80000,0x00000000e7b80000)
  from space 13824K, 97% used [0x00000000e8a80000,0x00000000e97af060,0x00000000e9800000)
  to   space 15360K, 0% used [0x00000000e7b80000,0x00000000e7b80000,0x00000000e8a80000)
 ParOldGen       total 65536K, used 21730K [0x0000000084800000, 0x0000000088800000, 0x00000000d6d80000)
  object space 65536K, 33% used [0x0000000084800000,0x0000000085d38bd0,0x0000000088800000)
 Metaspace       used 34785K, capacity 35182K, committed 35416K, reserved 1079296K
  class space    used 4548K, capacity 4661K, committed 4736K, reserved 1048576K
}
Event: 4,800 GC heap before
{Heap before GC invocations=12 (full 2):
 PSYoungGen      total 290304K, used 13500K [0x00000000d6d80000, 0x00000000ed380000, 0x0000000100000000)
  eden space 276480K, 0% used [0x00000000d6d80000,0x00000000d6d80000,0x00000000e7b80000)
  from space 13824K, 97% used [0x00000000e8a80000,0x00000000e97af060,0x00000000e9800000)
  to   space 15360K, 0% used [0x00000000e7b80000,0x00000000e7b80000,0x00000000e8a80000)
 ParOldGen       total 65536K, used 21730K [0x0000000084800000, 0x0000000088800000, 0x00000000d6d80000)
  object space 65536K, 33% used [0x0000000084800000,0x0000000085d38bd0,0x0000000088800000)
 Metaspace       used 34785K, capacity 35182K, committed 35416K, reserved 1079296K
  class space    used 4548K, capacity 4661K, committed 4736K, reserved 1048576K
Event: 4,880 GC heap after
Heap after GC invocations=12 (full 2):
 PSYoungGen      total 290304K, used 0K [0x00000000d6d80000, 0x00000000ed380000, 0x0000000100000000)
  eden space 276480K, 0% used [0x00000000d6d80000,0x00000000d6d80000,0x00000000e7b80000)
  from space 13824K, 0% used [0x00000000e8a80000,0x00000000e8a80000,0x00000000e9800000)
  to   space 15360K, 0% used [0x00000000e7b80000,0x00000000e7b80000,0x00000000e8a80000)
 ParOldGen       total 96768K, used 28927K [0x0000000084800000, 0x000000008a680000, 0x00000000d6d80000)
  object space 96768K, 29% used [0x0000000084800000,0x000000008643ffa0,0x000000008a680000)
 Metaspace       used 34785K, capacity 35182K, committed 35416K, reserved 1079296K
  class space    used 4548K, capacity 4661K, committed 4736K, reserved 1048576K
}
Event: 6,798 GC heap before
{Heap before GC invocations=13 (full 2):
 PSYoungGen      total 290304K, used 276480K [0x00000000d6d80000, 0x00000000ed380000, 0x0000000100000000)
  eden space 276480K, 100% used [0x00000000d6d80000,0x00000000e7b80000,0x00000000e7b80000)
  from space 13824K, 0% used [0x00000000e8a80000,0x00000000e8a80000,0x00000000e9800000)
  to   space 15360K, 0% used [0x00000000e7b80000,0x00000000e7b80000,0x00000000e8a80000)
 ParOldGen       total 96768K, used 28927K [0x0000000084800000, 0x000000008a680000, 0x00000000d6d80000)
  object space 96768K, 29% used [0x0000000084800000,0x000000008643ffa0,0x000000008a680000)
 Metaspace       used 43449K, capacity 44034K, committed 44504K, reserved 1087488K
  class space    used 5668K, capacity 5795K, committed 5888K, reserved 1048576K
Event: 6,817 GC heap after
Heap after GC invocations=13 (full 2):
 PSYoungGen      total 291840K, used 15332K [0x00000000d6d80000, 0x00000000eee00000, 0x0000000100000000)
  eden space 276480K, 0% used [0x00000000d6d80000,0x00000000d6d80000,0x00000000e7b80000)
  from space 15360K, 99% used [0x00000000e7b80000,0x00000000e8a790e0,0x00000000e8a80000)
  to   space 18432K, 0% used [0x00000000edc00000,0x00000000edc00000,0x00000000eee00000)
 ParOldGen       total 96768K, used 31830K [0x0000000084800000, 0x000000008a680000, 0x00000000d6d80000)
  object space 96768K, 32% used [0x0000000084800000,0x0000000086715a70,0x000000008a680000)
 Metaspace       used 43449K, capacity 44034K, committed 44504K, reserved 1087488K
  class space    used 5668K, capacity 5795K, committed 5888K, reserved 1048576K
}
Event: 7,988 GC heap before
{Heap before GC invocations=14 (full 2):
 PSYoungGen      total 291840K, used 291812K [0x00000000d6d80000, 0x00000000eee00000, 0x0000000100000000)
  eden space 276480K, 100% used [0x00000000d6d80000,0x00000000e7b80000,0x00000000e7b80000)
  from space 15360K, 99% used [0x00000000e7b80000,0x00000000e8a790e0,0x00000000e8a80000)
  to   space 18432K, 0% used [0x00000000edc00000,0x00000000edc00000,0x00000000eee00000)
 ParOldGen       total 96768K, used 31830K [0x0000000084800000, 0x000000008a680000, 0x00000000d6d80000)
  object space 96768K, 32% used [0x0000000084800000,0x0000000086715a70,0x000000008a680000)
 Metaspace       used 47178K, capacity 47816K, committed 48088K, reserved 1091584K
  class space    used 6211K, capacity 6357K, committed 6400K, reserved 1048576K
Event: 8,010 GC heap after
Heap after GC invocations=14 (full 2):
 PSYoungGen      total 367104K, used 11888K [0x00000000d6d80000, 0x00000000eea00000, 0x0000000100000000)
  eden space 352768K, 0% used [0x00000000d6d80000,0x00000000d6d80000,0x00000000ec600000)
  from space 14336K, 82% used [0x00000000edc00000,0x00000000ee79c018,0x00000000eea00000)
  to   space 18432K, 0% used [0x00000000ec600000,0x00000000ec600000,0x00000000ed800000)
 ParOldGen       total 96768K, used 41803K [0x0000000084800000, 0x000000008a680000, 0x00000000d6d80000)
  object space 96768K, 43% used [0x0000000084800000,0x00000000870d2d50,0x000000008a680000)
 Metaspace       used 47178K, capacity 47816K, committed 48088K, reserved 1091584K
  class space    used 6211K, capacity 6357K, committed 6400K, reserved 1048576K
}
Event: 47,848 GC heap before
{Heap before GC invocations=15 (full 2):
 PSYoungGen      total 367104K, used 364656K [0x00000000d6d80000, 0x00000000eea00000, 0x0000000100000000)
  eden space 352768K, 100% used [0x00000000d6d80000,0x00000000ec600000,0x00000000ec600000)
  from space 14336K, 82% used [0x00000000edc00000,0x00000000ee79c018,0x00000000eea00000)
  to   space 18432K, 0% used [0x00000000ec600000,0x00000000ec600000,0x00000000ed800000)
 ParOldGen       total 96768K, used 41803K [0x0000000084800000, 0x000000008a680000, 0x00000000d6d80000)
  object space 96768K, 43% used [0x0000000084800000,0x00000000870d2d50,0x000000008a680000)
 Metaspace       used 50766K, capacity 51428K, committed 51672K, reserved 1093632K
  class space    used 6660K, capacity 6821K, committed 6912K, reserved 1048576K

Deoptimization events (0 events):
No events

Internal exceptions (10 events):
Event: 47,831 Thread 0x00007fdbf0001800 Exception <a 'java/lang/NullPointerException'> (0x00000000ebfcdcb8) thrown at [/build/java8-openjdk/src/jdk8u-jdk8u131-b11/hotspot/src/share/vm/interpreter/linkResolver.cpp, line 1299]
Event: 47,833 Thread 0x00007fdbf0001800 Exception <a 'java/lang/NullPointerException'> (0x00000000ebfd0b48) thrown at [/build/java8-openjdk/src/jdk8u-jdk8u131-b11/hotspot/src/share/vm/interpreter/linkResolver.cpp, line 1299]
Event: 47,838 Thread 0x00007fdbf0006000 Exception <a 'java/lang/NullPointerException'> (0x00000000eb9116d8) thrown at [/build/java8-openjdk/src/jdk8u-jdk8u131-b11/hotspot/src/share/vm/interpreter/linkResolver.cpp, line 1299]
Event: 47,838 Thread 0x00007fdbf0008000 Exception <a 'java/lang/NullPointerException'> (0x00000000ec37a898) thrown at [/build/java8-openjdk/src/jdk8u-jdk8u131-b11/hotspot/src/share/vm/interpreter/linkResolver.cpp, line 1299]
Event: 47,838 Thread 0x00007fdbf0006000 Exception <a 'java/lang/NullPointerException'> (0x00000000eb914728) thrown at [/build/java8-openjdk/src/jdk8u-jdk8u131-b11/hotspot/src/share/vm/interpreter/linkResolver.cpp, line 1299]
Event: 47,838 Thread 0x00007fdbf0008000 Exception <a 'java/lang/NullPointerException'> (0x00000000ec37d810) thrown at [/build/java8-openjdk/src/jdk8u-jdk8u131-b11/hotspot/src/share/vm/interpreter/linkResolver.cpp, line 1299]
Event: 47,838 Thread 0x00007fdbf0009800 Exception <a 'java/lang/NullPointerException'> (0x00000000ebca46f0) thrown at [/build/java8-openjdk/src/jdk8u-jdk8u131-b11/hotspot/src/share/vm/interpreter/linkResolver.cpp, line 1299]
Event: 47,838 Thread 0x00007fdbec00c800 Exception <a 'java/lang/NullPointerException'> (0x00000000ebba81f0) thrown at [/build/java8-openjdk/src/jdk8u-jdk8u131-b11/hotspot/src/share/vm/interpreter/linkResolver.cpp, line 1299]
Event: 47,838 Thread 0x00007fdbf0009800 Exception <a 'java/lang/NullPointerException'> (0x00000000ebca7658) thrown at [/build/java8-openjdk/src/jdk8u-jdk8u131-b11/hotspot/src/share/vm/interpreter/linkResolver.cpp, line 1299]
Event: 47,838 Thread 0x00007fdbec00c800 Exception <a 'java/lang/NullPointerException'> (0x00000000ebbab158) thrown at [/build/java8-openjdk/src/jdk8u-jdk8u131-b11/hotspot/src/share/vm/interpreter/linkResolver.cpp, line 1299]

Events (10 events):
Event: 16,452 Executing VM operation: RevokeBias done
Event: 16,452 Executing VM operation: RevokeBias
Event: 16,453 Executing VM operation: RevokeBias done
Event: 36,324 loading class org/apache/catalina/webresources/Cache$EvictionOrder
Event: 36,353 loading class org/apache/catalina/webresources/Cache$EvictionOrder done
Event: 36,929 loading class java/util/concurrent/ConcurrentHashMap$ValueIterator
Event: 37,100 loading class java/util/concurrent/ConcurrentHashMap$ValueIterator done
Event: 37,291 loading class org/apache/tomcat/PeriodicEventListener
Event: 37,301 loading class org/apache/tomcat/PeriodicEventListener done
Event: 47,843 Executing VM operation: ParallelGCFailedAllocation


Dynamic libraries:
00400000-00401000 r-xp 00000000 08:06 3156407                            /usr/lib/jvm/java-8-openjdk/jre/bin/java
00600000-00601000 r--p 00000000 08:06 3156407                            /usr/lib/jvm/java-8-openjdk/jre/bin/java
00601000-00602000 rw-p 00001000 08:06 3156407                            /usr/lib/jvm/java-8-openjdk/jre/bin/java
00e48000-00e69000 rw-p 00000000 00:00 0                                  [heap]
84800000-8a680000 rw-p 00000000 00:00 0 
8a680000-d6d80000 ---p 00000000 00:00 0 
d6d80000-eea00000 rw-p 00000000 00:00 0 
f3a00000-100000000 ---p 00000000 00:00 0 
100000000-1006c0000 rw-p 00000000 00:00 0 
1006c0000-140000000 ---p 00000000 00:00 0 
7fdbeb6f9000-7fdbeb6fc000 ---p 00000000 00:00 0 
7fdbeb6fc000-7fdbeb7fa000 rw-p 00000000 00:00 0 
7fdbeb7fa000-7fdbeb7fd000 ---p 00000000 00:00 0 
7fdbeb7fd000-7fdbeb8fb000 rw-p 00000000 00:00 0 
7fdbeb8fb000-7fdbeb8fe000 ---p 00000000 00:00 0 
7fdbeb8fe000-7fdbeb9fc000 rw-p 00000000 00:00 0 
7fdbeb9fc000-7fdbeb9ff000 ---p 00000000 00:00 0 
7fdbeb9ff000-7fdbebafd000 rw-p 00000000 00:00 0 
7fdbebafd000-7fdbebb00000 ---p 00000000 00:00 0 
7fdbebb00000-7fdbebbfe000 rw-p 00000000 00:00 0 
7fdbebbfe000-7fdbebc01000 ---p 00000000 00:00 0 
7fdbebc01000-7fdbebcff000 rw-p 00000000 00:00 0 
7fdbebcff000-7fdbebd02000 ---p 00000000 00:00 0 
7fdbebd02000-7fdbebfc0000 rw-p 00000000 00:00 0 
7fdbebfc0000-7fdbec000000 ---p 00000000 00:00 0 
7fdbec000000-7fdbec021000 rw-p 00000000 00:00 0 
7fdbec021000-7fdbf0000000 ---p 00000000 00:00 0 
7fdbf0000000-7fdbf0021000 rw-p 00000000 00:00 0 
7fdbf0021000-7fdbf4000000 ---p 00000000 00:00 0 
7fdbf4000000-7fdbf4021000 rw-p 00000000 00:00 0 
7fdbf4021000-7fdbf8000000 ---p 00000000 00:00 0 
7fdbf8000000-7fdbf8021000 rw-p 00000000 00:00 0 
7fdbf8021000-7fdbfc000000 ---p 00000000 00:00 0 
7fdbfc000000-7fdbfc021000 rw-p 00000000 00:00 0 
7fdbfc021000-7fdc00000000 ---p 00000000 00:00 0 
7fdc00000000-7fdc00021000 rw-p 00000000 00:00 0 
7fdc00021000-7fdc04000000 ---p 00000000 00:00 0 
7fdc04000000-7fdc04021000 rw-p 00000000 00:00 0 
7fdc04021000-7fdc08000000 ---p 00000000 00:00 0 
7fdc08000000-7fdc08021000 rw-p 00000000 00:00 0 
7fdc08021000-7fdc0c000000 ---p 00000000 00:00 0 
7fdc0c000000-7fdc0c021000 rw-p 00000000 00:00 0 
7fdc0c021000-7fdc10000000 ---p 00000000 00:00 0 
7fdc10000000-7fdc10533000 rw-p 00000000 00:00 0 
7fdc10533000-7fdc14000000 ---p 00000000 00:00 0 
7fdc14000000-7fdc14021000 rw-p 00000000 00:00 0 
7fdc14021000-7fdc18000000 ---p 00000000 00:00 0 
7fdc18000000-7fdc18021000 rw-p 00000000 00:00 0 
7fdc18021000-7fdc1c000000 ---p 00000000 00:00 0 
7fdc1c000000-7fdc1c021000 rw-p 00000000 00:00 0 
7fdc1c021000-7fdc20000000 ---p 00000000 00:00 0 
7fdc20000000-7fdc20159000 rw-p 00000000 00:00 0 
7fdc20159000-7fdc24000000 ---p 00000000 00:00 0 
7fdc24000000-7fdc24021000 rw-p 00000000 00:00 0 
7fdc24021000-7fdc28000000 ---p 00000000 00:00 0 
7fdc28000000-7fdc28021000 rw-p 00000000 00:00 0 
7fdc28021000-7fdc2c000000 ---p 00000000 00:00 0 
7fdc2c000000-7fdc2c021000 rw-p 00000000 00:00 0 
7fdc2c021000-7fdc30000000 ---p 00000000 00:00 0 
7fdc300c9000-7fdc300cc000 ---p 00000000 00:00 0 
7fdc300cc000-7fdc301ca000 rw-p 00000000 00:00 0 
7fdc301ca000-7fdc301cd000 ---p 00000000 00:00 0 
7fdc301cd000-7fdc302cb000 rw-p 00000000 00:00 0 
7fdc302cb000-7fdc302ce000 ---p 00000000 00:00 0 
7fdc302ce000-7fdc303cc000 rw-p 00000000 00:00 0 
7fdc303cc000-7fdc303cf000 ---p 00000000 00:00 0 
7fdc303cf000-7fdc304cd000 rw-p 00000000 00:00 0 
7fdc304cd000-7fdc304d0000 ---p 00000000 00:00 0 
7fdc304d0000-7fdc305ce000 rw-p 00000000 00:00 0 
7fdc305ce000-7fdc305d1000 ---p 00000000 00:00 0 
7fdc305d1000-7fdc306cf000 rw-p 00000000 00:00 0 
7fdc306cf000-7fdc306d2000 ---p 00000000 00:00 0 
7fdc306d2000-7fdc307d0000 rw-p 00000000 00:00 0 
7fdc307d0000-7fdc307d3000 ---p 00000000 00:00 0 
7fdc307d3000-7fdc308d1000 rw-p 00000000 00:00 0 
7fdc308d1000-7fdc308d4000 ---p 00000000 00:00 0 
7fdc308d4000-7fdc309d2000 rw-p 00000000 00:00 0 
7fdc309d2000-7fdc309d5000 ---p 00000000 00:00 0 
7fdc309d5000-7fdc30cd3000 rw-p 00000000 00:00 0 
7fdc30cd3000-7fdc30cd6000 ---p 00000000 00:00 0 
7fdc30cd6000-7fdc30fd4000 rw-p 00000000 00:00 0 
7fdc30fd4000-7fdc311d4000 rw-p 00000000 00:00 0 
7fdc311d4000-7fdc311d7000 ---p 00000000 00:00 0 
7fdc311d7000-7fdc312d5000 rw-p 00000000 00:00 0 
7fdc312d5000-7fdc312d8000 ---p 00000000 00:00 0 
7fdc312d8000-7fdc315d6000 rw-p 00000000 00:00 0 
7fdc315d6000-7fdc317d6000 rw-p 00000000 00:00 0 
7fdc317d6000-7fdc319d6000 rw-p 00000000 00:00 0 
7fdc319d6000-7fdc319d9000 ---p 00000000 00:00 0 
7fdc319d9000-7fdc31ccd000 rw-p 00000000 00:00 0 
7fdc31ccd000-7fdc31cd7000 ---p 00000000 00:00 0 
7fdc31cd7000-7fdc31ed7000 rw-p 00000000 00:00 0 
7fdc31ed7000-7fdc320d7000 rw-p 00000000 00:00 0 
7fdc320d7000-7fdc320da000 ---p 00000000 00:00 0 
7fdc320da000-7fdc323d8000 rw-p 00000000 00:00 0 
7fdc323d8000-7fdc325d8000 rw-p 00000000 00:00 0 
7fdc325d8000-7fdc327d8000 rw-p 00000000 00:00 0 
7fdc327d8000-7fdc329d8000 rw-p 00000000 00:00 0 
7fdc329d8000-7fdc32bd8000 rw-p 00000000 00:00 0 
7fdc32bd8000-7fdc32dd8000 rw-p 00000000 00:00 0 
7fdc32dd8000-7fdc32ddb000 ---p 00000000 00:00 0 
7fdc32ddb000-7fdc32ed9000 rw-p 00000000 00:00 0 
7fdc32ed9000-7fdc32edc000 ---p 00000000 00:00 0 
7fdc32edc000-7fdc32fda000 rw-p 00000000 00:00 0 
7fdc32fda000-7fdc32fdd000 ---p 00000000 00:00 0 
7fdc32fdd000-7fdc330db000 rw-p 00000000 00:00 0 
7fdc330db000-7fdc330de000 ---p 00000000 00:00 0 
7fdc330de000-7fdc331dc000 rw-p 00000000 00:00 0 
7fdc331dc000-7fdc331df000 ---p 00000000 00:00 0 
7fdc331df000-7fdc334dd000 rw-p 00000000 00:00 0 
7fdc334dd000-7fdc336dd000 rw-p 00000000 00:00 0 
7fdc336dd000-7fdc336de000 ---p 00000000 00:00 0 
7fdc336de000-7fdc337de000 rw-p 00000000 00:00 0 
7fdc337de000-7fdc337e1000 ---p 00000000 00:00 0 
7fdc337e1000-7fdc338df000 rw-p 00000000 00:00 0 
7fdc338df000-7fdc338e2000 ---p 00000000 00:00 0 
7fdc338e2000-7fdc339e0000 rw-p 00000000 00:00 0 
7fdc339e0000-7fdc339e5000 r-xp 00000000 08:06 2887015                    /usr/lib/libnss_dns-2.25.so
7fdc339e5000-7fdc33be4000 ---p 00005000 08:06 2887015                    /usr/lib/libnss_dns-2.25.so
7fdc33be4000-7fdc33be5000 r--p 00004000 08:06 2887015                    /usr/lib/libnss_dns-2.25.so
7fdc33be5000-7fdc33be6000 rw-p 00005000 08:06 2887015                    /usr/lib/libnss_dns-2.25.so
7fdc33be6000-7fdc33bea000 r-xp 00000000 08:06 2895123                    /usr/lib/libcap.so.2.25
7fdc33bea000-7fdc33de9000 ---p 00004000 08:06 2895123                    /usr/lib/libcap.so.2.25
7fdc33de9000-7fdc33dea000 rw-p 00003000 08:06 2895123                    /usr/lib/libcap.so.2.25
7fdc33dea000-7fdc33dfd000 r-xp 00000000 08:06 2887023                    /usr/lib/libresolv-2.25.so
7fdc33dfd000-7fdc33ffc000 ---p 00013000 08:06 2887023                    /usr/lib/libresolv-2.25.so
7fdc33ffc000-7fdc33ffd000 r--p 00012000 08:06 2887023                    /usr/lib/libresolv-2.25.so
7fdc33ffd000-7fdc33ffe000 rw-p 00013000 08:06 2887023                    /usr/lib/libresolv-2.25.so
7fdc33ffe000-7fdc34000000 rw-p 00000000 00:00 0 
7fdc34000000-7fdc347bf000 rw-p 00000000 00:00 0 
7fdc347bf000-7fdc38000000 ---p 00000000 00:00 0 
7fdc38000000-7fdc38021000 rw-p 00000000 00:00 0 
7fdc38021000-7fdc3c000000 ---p 00000000 00:00 0 
7fdc3c000000-7fdc3c046000 rw-p 00000000 00:00 0 
7fdc3c046000-7fdc40000000 ---p 00000000 00:00 0 
7fdc40000000-7fdc40021000 rw-p 00000000 00:00 0 
7fdc40021000-7fdc44000000 ---p 00000000 00:00 0 
7fdc44000000-7fdc44021000 rw-p 00000000 00:00 0 
7fdc44021000-7fdc48000000 ---p 00000000 00:00 0 
7fdc48000000-7fdc48055000 rw-p 00000000 00:00 0 
7fdc48055000-7fdc4c000000 ---p 00000000 00:00 0 
7fdc4c000000-7fdc4c021000 rw-p 00000000 00:00 0 
7fdc4c021000-7fdc50000000 ---p 00000000 00:00 0 
7fdc50000000-7fdc50021000 rw-p 00000000 00:00 0 
7fdc50021000-7fdc54000000 ---p 00000000 00:00 0 
7fdc54000000-7fdc5402a000 rw-p 00000000 00:00 0 
7fdc5402a000-7fdc58000000 ---p 00000000 00:00 0 
7fdc580b3000-7fdc580b6000 ---p 00000000 00:00 0 
7fdc580b6000-7fdc581b4000 rw-p 00000000 00:00 0 
7fdc581b4000-7fdc581f5000 r-xp 00000000 08:06 2895240                    /usr/lib/libnss_resolve.so.2
7fdc581f5000-7fdc581f8000 r--p 00040000 08:06 2895240                    /usr/lib/libnss_resolve.so.2
7fdc581f8000-7fdc581f9000 rw-p 00043000 08:06 2895240                    /usr/lib/libnss_resolve.so.2
7fdc581f9000-7fdc581fa000 rw-p 00000000 00:00 0 
7fdc581fa000-7fdc5823b000 r-xp 00000000 08:06 2895239                    /usr/lib/libnss_mymachines.so.2
7fdc5823b000-7fdc5823e000 r--p 00040000 08:06 2895239                    /usr/lib/libnss_mymachines.so.2
7fdc5823e000-7fdc5823f000 rw-p 00043000 08:06 2895239                    /usr/lib/libnss_mymachines.so.2
7fdc5823f000-7fdc5c000000 rw-p 00000000 00:00 0 
7fdc5c000000-7fdc5c022000 rw-p 00000000 00:00 0 
7fdc5c022000-7fdc60000000 ---p 00000000 00:00 0 
7fdc60000000-7fdc60021000 rw-p 00000000 00:00 0 
7fdc60021000-7fdc64000000 ---p 00000000 00:00 0 
7fdc64000000-7fdc64024000 rw-p 00000000 00:00 0 
7fdc64024000-7fdc68000000 ---p 00000000 00:00 0 
7fdc68000000-7fdc68021000 rw-p 00000000 00:00 0 
7fdc68021000-7fdc6c000000 ---p 00000000 00:00 0 
7fdc6c01d000-7fdc6c022000 r--s 002f9000 08:06 3156431                    /usr/lib/jvm/java-8-openjdk/jre/lib/charsets.jar
7fdc6c022000-7fdc6c047000 r--p 00000000 08:06 2885873                    /usr/share/locale/pl/LC_MESSAGES/libc.mo
7fdc6c047000-7fdc6c051000 r--s 00116000 08:06 3156448                    /usr/lib/jvm/java-8-openjdk/jre/lib/ext/localedata.jar
7fdc6c051000-7fdc6c06d000 r--s 00393000 08:06 3156452                    /usr/lib/jvm/java-8-openjdk/jre/lib/ext/cldrdata.jar
7fdc6c06d000-7fdc6c072000 r--s 0009a000 08:06 3156424                    /usr/lib/jvm/java-8-openjdk/jre/lib/jsse.jar
7fdc6c072000-7fdc6c083000 r-xp 00000000 08:06 3156481                    /usr/lib/jvm/java-8-openjdk/jre/lib/amd64/libnio.so
7fdc6c083000-7fdc6c282000 ---p 00011000 08:06 3156481                    /usr/lib/jvm/java-8-openjdk/jre/lib/amd64/libnio.so
7fdc6c282000-7fdc6c283000 r--p 00010000 08:06 3156481                    /usr/lib/jvm/java-8-openjdk/jre/lib/amd64/libnio.so
7fdc6c283000-7fdc6c284000 rw-p 00011000 08:06 3156481                    /usr/lib/jvm/java-8-openjdk/jre/lib/amd64/libnio.so
7fdc6c284000-7fdc6c28c000 r-xp 00000000 08:06 3156488                    /usr/lib/jvm/java-8-openjdk/jre/lib/amd64/libmanagement.so
7fdc6c28c000-7fdc6c48b000 ---p 00008000 08:06 3156488                    /usr/lib/jvm/java-8-openjdk/jre/lib/amd64/libmanagement.so
7fdc6c48b000-7fdc6c48c000 r--p 00007000 08:06 3156488                    /usr/lib/jvm/java-8-openjdk/jre/lib/amd64/libmanagement.so
7fdc6c48c000-7fdc6c48d000 rw-p 00008000 08:06 3156488                    /usr/lib/jvm/java-8-openjdk/jre/lib/amd64/libmanagement.so
7fdc6c48d000-7fdc6c490000 ---p 00000000 00:00 0 
7fdc6c490000-7fdc6c58e000 rw-p 00000000 00:00 0 
7fdc6c58e000-7fdc6c5a4000 r-xp 00000000 08:06 3156473                    /usr/lib/jvm/java-8-openjdk/jre/lib/amd64/libnet.so
7fdc6c5a4000-7fdc6c7a3000 ---p 00016000 08:06 3156473                    /usr/lib/jvm/java-8-openjdk/jre/lib/amd64/libnet.so
7fdc6c7a3000-7fdc6c7a4000 r--p 00015000 08:06 3156473                    /usr/lib/jvm/java-8-openjdk/jre/lib/amd64/libnet.so
7fdc6c7a4000-7fdc6c7a5000 rw-p 00016000 08:06 3156473                    /usr/lib/jvm/java-8-openjdk/jre/lib/amd64/libnet.so
7fdc6c7a5000-7fdc6c7a8000 ---p 00000000 00:00 0 
7fdc6c7a8000-7fdc6c8a6000 rw-p 00000000 00:00 0 
7fdc6c8a6000-7fdc6c8a9000 ---p 00000000 00:00 0 
7fdc6c8a9000-7fdc6c9a7000 rw-p 00000000 00:00 0 
7fdc6c9a7000-7fdc6c9aa000 ---p 00000000 00:00 0 
7fdc6c9aa000-7fdc6caa8000 rw-p 00000000 00:00 0 
7fdc6caa8000-7fdc6caab000 ---p 00000000 00:00 0 
7fdc6caab000-7fdc6cba9000 rw-p 00000000 00:00 0 
7fdc6cba9000-7fdc6cbab000 r--s 0001a000 08:06 2500646                    /opt/idea/lib/idea_rt.jar
7fdc6cbab000-7fdc6cbda000 r--s 00226000 08:08 880                        /home/intelcan/.gradle/caches/modules-2/files-2.1/com.google.guava/guava/20.0/89507701249388e1ed5ddcf8c41f4ce1be7831ef/guava-20.0.jar
7fdc6cbda000-7fdc6cbdd000 r--s 0001d000 08:08 878                        /home/intelcan/.gradle/caches/modules-2/files-2.1/org.reflections/reflections/0.9.11/4c686033d918ec1727e329b7222fcb020152e32b/reflections-0.9.11.jar
7fdc6cbdd000-7fdc6cbe2000 r--s 00026000 08:08 876                        /home/intelcan/.gradle/caches/modules-2/files-2.1/io.springfox/springfox-spring-web/2.7.0/a54be5572b6b5210f6892e13d6b136dde5e96bf6/springfox-spring-web-2.7.0.jar
7fdc6cbe2000-7fdc6cbec000 r--s 00069000 08:08 3277352                    /home/intelcan/.gradle/caches/modules-2/files-2.1/ch.qos.logback/logback-core/1.1.7/7873092d39ef741575ca91378a6a21c388363ac8/logback-core-1.1.7.jar
7fdc6cbec000-7fdc6cbf5000 r--s 0002d000 08:08 3277350                    /home/intelcan/.gradle/caches/modules-2/files-2.1/xml-apis/xml-apis/1.4.01/3789d9fada2d3d458c4ba2de349d48780f381ee3/xml-apis-1.4.01.jar
7fdc6cbf5000-7fdc6cbf6000 r--s 00009000 08:08 3277348                    /home/intelcan/.gradle/caches/modules-2/files-2.1/org.apache.tomcat/tomcat-juli/8.5.4/d4312ba583aa62f08a0b22beddc816a2da419d4c/tomcat-juli-8.5.4.jar
7fdc6cbf6000-7fdc6cc31000 r--s 00270000 08:08 874                        /home/intelcan/.gradle/caches/modules-2/files-2.1/net.bytebuddy/byte-buddy/1.6.14/871c3e49dc6183d0d361601c2f1d11abb1a6b48c/byte-buddy-1.6.14.jar
7fdc6cc31000-7fdc6cc33000 r--s 00004000 08:08 3277346                    /home/intelcan/.gradle/caches/modules-2/files-2.1/org.slf4j/log4j-over-slf4j/1.7.21/b3700d97464d99bdcd42c0177d6e7951c94d75ff/log4j-over-slf4j-1.7.21.jar
7fdc6cc33000-7fdc6cc35000 r--s 00000000 08:08 3277344                    /home/intelcan/.gradle/caches/modules-2/files-2.1/org.slf4j/jul-to-slf4j/1.7.21/2f22c882ffa479d1e9ff4eb0e8e2c29f2a0871ed/jul-to-slf4j-1.7.21.jar
7fdc6cc35000-7fdc6cc3c000 r--s 00044000 08:08 3277342                    /home/intelcan/.gradle/caches/modules-2/files-2.1/ch.qos.logback/logback-classic/1.1.7/9865cf6994f9ff13fce0bf93f2054ef6c65bb462/logback-classic-1.1.7.jar
7fdc6cc3c000-7fdc6cc43000 r--s 00056000 08:08 4597686                    /home/intelcan/.gradle/caches/modules-2/files-2.1/org.apache.commons/commons-compress/1.9/cc18955ff1e36d5abd39a14bfe82b19154330a34/commons-compress-1.9.jar
7fdc6cc43000-7fdc6cc4e000 r--s 00051000 08:08 3277340                    /home/intelcan/.gradle/caches/modules-2/files-2.1/org.springframework.security/spring-security-core/4.1.1.RELEASE/238b789b01ebfe20944bd5e011f548f2f2319844/spring-security-core-4.1.1.RELEASE.jar
7fdc6cc4e000-7fdc6cc50000 r--s 0000e000 08:08 3154308                    /home/intelcan/.gradle/caches/modules-2/files-2.1/javax.activation/activation/1.1/e6cb541461c2834bdea3eb920f1884d1eb508b50/activation-1.1.jar
7fdc6cc50000-7fdc6cc52000 r--s 00003000 08:08 3277338                    /home/intelcan/.gradle/caches/modules-2/files-2.1/org.slf4j/jcl-over-slf4j/1.7.21/331b564a3a42f002a0004b039c1c430da89062cd/jcl-over-slf4j-1.7.21.jar
7fdc6cc52000-7fdc6cc5a000 r--s 0003a000 08:08 3277334                    /home/intelcan/.gradle/caches/modules-2/files-2.1/org.springframework/spring-tx/4.3.2.RELEASE/dd75075485ddebb1f912102527ff91c4bfbae903/spring-tx-4.3.2.RELEASE.jar
7fdc6cc5a000-7fdc6cc64000 r--s 0006b000 08:08 3277332                    /home/intelcan/.gradle/caches/modules-2/files-2.1/org.springframework/spring-orm/4.3.2.RELEASE/1afea599c72aef7362b469a5b322e3e7e37d0dfc/spring-orm-4.3.2.RELEASE.jar
7fdc6cc64000-7fdc6cc75000 r--s 00098000 08:08 3277330                    /home/intelcan/.gradle/caches/modules-2/files-2.1/org.springframework.data/spring-data-commons/1.12.2.RELEASE/a827ed936b8685c19eecda0abb86fb86193ddffc/spring-data-commons-1.12.2.RELEASE.jar
7fdc6cc75000-7fdc6cc78000 r--s 00010000 08:08 3277328                    /home/intelcan/.gradle/caches/modules-2/files-2.1/org.hibernate.common/hibernate-commons-annotations/5.0.1.Final/71e1cff3fcb20d3b3af4f3363c3ddb24d33c6879/hibernate-commons-annotations-5.0.1.Final.jar
7fdc6cc78000-7fdc6cc7d000 r--s 00048000 08:08 3277326                    /home/intelcan/.gradle/caches/modules-2/files-2.1/dom4j/dom4j/1.6.1/5d3ccc056b6f056dbf0dddfdf43894b9065a8f94/dom4j-1.6.1.jar
7fdc6cc7d000-7fdc6cc80000 r--s 0002b000 08:08 3277324                    /home/intelcan/.gradle/caches/modules-2/files-2.1/org.jboss/jandex/2.0.0.Final/3e899258936f94649c777193e1be846387ed54b3/jandex-2.0.0.Final.jar
7fdc6cc80000-7fdc6cc85000 r--s 00068000 08:08 3277322                    /home/intelcan/.gradle/caches/modules-2/files-2.1/antlr/antlr/2.7.7/83cd2cd674a217ade95a4bb83a8a14f351f48bd0/antlr-2.7.7.jar
7fdc6cc85000-7fdc6cc8f000 r--s 000ae000 08:08 3277320                    /home/intelcan/.gradle/caches/modules-2/files-2.1/org.javassist/javassist/3.20.0-GA/a9cbcdfb7e9f86fbc74d3afae65f2248bfbf82a0/javassist-3.20.0-GA.jar
7fdc6cc8f000-7fdc6cc94000 r--s 00017000 08:08 3277318                    /home/intelcan/.gradle/caches/modules-2/files-2.1/org.hibernate.javax.persistence/hibernate-jpa-2.1-api/1.0.0.Final/5e731d961297e5a07290bfaf3db1fbc8bbbf405a/hibernate-jpa-2.1-api-1.0.0.Final.jar
7fdc6cc94000-7fdc6cc9e000 r--s 0005f000 08:08 3277316                    /home/intelcan/.gradle/caches/modules-2/files-2.1/org.springframework/spring-jdbc/4.3.2.RELEASE/d60bd9daf7d819c72e6a27fad16c4683b2e7df11/spring-jdbc-4.3.2.RELEASE.jar
7fdc6cc9e000-7fdc6cca1000 r--s 0001f000 08:08 3277314                    /home/intelcan/.gradle/caches/modules-2/files-2.1/org.apache.tomcat/tomcat-jdbc/8.5.4/bebaa475e69c649dcd9616bd204712cfd8551321/tomcat-jdbc-8.5.4.jar
7fdc6cca1000-7fdc6ccba000 r--s 001af000 08:08 3277312                    /home/intelcan/.gradle/caches/modules-2/files-2.1/org.aspectj/aspectjweaver/1.8.9/db28774f477f07220eac18d5ec9c4e01f48589d7/aspectjweaver-1.8.9.jar
7fdc6ccba000-7fdc6ccbe000 r--s 00017000 08:08 872                        /home/intelcan/.gradle/caches/modules-2/files-2.1/io.springfox/springfox-core/2.7.0/f3e6d1cf5170b4b56ee0a00c1b3b05221f2ecb96/springfox-core-2.7.0.jar
7fdc6ccbe000-7fdc6ccc3000 r--s 0003c000 08:08 3277310                    /home/intelcan/.gradle/caches/modules-2/files-2.1/org.springframework/spring-expression/4.3.2.RELEASE/7676acd4dde9d186b7f882edce3131dc62dcb590/spring-expression-4.3.2.RELEASE.jar
7fdc6ccc3000-7fdc6ccd0000 r--s 000ac000 08:08 3277306                    /home/intelcan/.gradle/caches/modules-2/files-2.1/org.springframework/spring-beans/4.3.2.RELEASE/9e87f48f65a33a017f2dd027911947a28be29f93/spring-beans-4.3.2.RELEASE.jar
7fdc6ccd0000-7fdc6ccd4000 r--s 00041000 08:08 3277304                    /home/intelcan/.gradle/caches/modules-2/files-2.1/com.fasterxml.jackson.core/jackson-core/2.8.1/fd13b1c033741d48291315c6370f7d475a42dccf/jackson-core-2.8.1.jar
7fdc6ccd4000-7fdc6ccd7000 r--s 0000b000 08:08 3277302                    /home/intelcan/.gradle/caches/modules-2/files-2.1/com.fasterxml.jackson.core/jackson-annotations/2.8.1/4465fda9834ab27eac2a76f9a378738d15a9b4fa/jackson-annotations-2.8.1.jar
7fdc6ccd7000-7fdc6ccd9000 r--s 0000f000 08:08 3277298                    /home/intelcan/.gradle/caches/modules-2/files-2.1/org.jboss.logging/jboss-logging/3.3.0.Final/3616bb87707910296e2c195dc016287080bba5af/jboss-logging-3.3.0.Final.jar
7fdc6ccd9000-7fdc6ccdd000 r--s 0000c000 08:08 3277296                    /home/intelcan/.gradle/caches/modules-2/files-2.1/javax.validation/validation-api/1.1.0.Final/8613ae82954779d518631e05daa73a6a954817d5/validation-api-1.1.0.Final.jar
7fdc6ccdd000-7fdc6cce2000 r--s 00036000 08:08 3277294                    /home/intelcan/.gradle/caches/modules-2/files-2.1/org.apache.tomcat.embed/tomcat-embed-websocket/8.5.4/211d26f536aee3283345aa5b1c479e937401fcd2/tomcat-embed-websocket-8.5.4.jar
7fdc6cce2000-7fdc6cce7000 r--s 00036000 08:08 3277292                    /home/intelcan/.gradle/caches/modules-2/files-2.1/org.apache.tomcat.embed/tomcat-embed-el/8.5.4/2d53f2e3b6b456cb7ac82e1549a944db7f5b05bf/tomcat-embed-el-8.5.4.jar
7fdc6cce7000-7fdc6cd10000 r--s 002af000 08:08 3146749                    /home/intelcan/.gradle/caches/modules-2/files-2.1/org.apache.tomcat.embed/tomcat-embed-core/8.5.4/48ee085e4b3f71e98535e4c17c0ce1394812a94a/tomcat-embed-core-8.5.4.jar
7fdc6cd10000-7fdc6cd16000 r--s 0003d000 08:08 3277290                    /home/intelcan/.gradle/caches/modules-2/files-2.1/org.yaml/snakeyaml/1.17/7a27ea250c5130b2922b86dea63cbb1cc10a660c/snakeyaml-1.17.jar
7fdc6cd16000-7fdc6cd2d000 r--s 000f9000 08:08 3146195                    /home/intelcan/.gradle/caches/modules-2/files-2.1/org.springframework/spring-core/4.3.2.RELEASE/fd2f3cf45d3c84f293cb7ee3ab7d24c979495552/spring-core-4.3.2.RELEASE.jar
7fdc6cd2d000-7fdc6cd2e000 r--s 00000000 08:08 3277288                    /home/intelcan/.gradle/caches/modules-2/files-2.1/org.springframework.boot/spring-boot-starter-logging/1.4.0.RELEASE/53303110c92c921e09e1c9bc8b9bf4c1935c2f12/spring-boot-starter-logging-1.4.0.RELEASE.jar
7fdc6cd2e000-7fdc6cd4b000 r--s 000c7000 08:08 3277286                    /home/intelcan/.gradle/caches/modules-2/files-2.1/org.springframework.boot/spring-boot-autoconfigure/1.4.0.RELEASE/9fa1ac16ac6fd96d7df2c72b55ba9814be082ffc/spring-boot-autoconfigure-1.4.0.RELEASE.jar
7fdc6cd4b000-7fdc6cd5a000 r--s 0008f000 08:08 3277284                    /home/intelcan/.gradle/caches/modules-2/files-2.1/org.springframework.boot/spring-boot/1.4.0.RELEASE/3b4ea475b40eb9dc966fb3c650c97bfabb988f9/spring-boot-1.4.0.RELEASE.jar
7fdc6cd5a000-7fdc6cd5c000 r--s 00006000 08:08 4605451                    /home/intelcan/.gradle/caches/modules-2/files-2.1/org.webjars/webjars-locator-core/0.30/e2ae00945e98c8c429471d2d643ad2030ba90e19/webjars-locator-core-0.30.jar
7fdc6cd5c000-7fdc6cd65000 r--s 00065000 08:08 4605450                    /home/intelcan/.gradle/caches/modules-2/files-2.1/org.springframework/spring-websocket/4.3.2.RELEASE/68ce42db2f886df42995b3dd8cebab40223603c7/spring-websocket-4.3.2.RELEASE.jar
7fdc6cd65000-7fdc6cd6f000 r--s 00054000 08:08 4343492                    /home/intelcan/.gradle/caches/modules-2/files-2.1/org.springframework/spring-messaging/4.3.2.RELEASE/7937cb22226ac70526f2c376d2f976403d99ddae/spring-messaging-4.3.2.RELEASE.jar
7fdc6cd6f000-7fdc6cd79000 r--s 0004e000 08:08 3277282                    /home/intelcan/.gradle/caches/modules-2/files-2.1/org.springframework.security/spring-security-web/4.1.1.RELEASE/b4c912edc0c437f24e96db587848d856605734e2/spring-security-web-4.1.1.RELEASE.jar
7fdc6cd79000-7fdc6cd82000 r--s 0007a000 08:08 3277280                    /home/intelcan/.gradle/caches/modules-2/files-2.1/org.springframework.security/spring-security-config/4.1.1.RELEASE/3616b49db81527d69d2bf3d9ad6b0fa899d1080d/spring-security-config-4.1.1.RELEASE.jar
7fdc6cd82000-7fdc6cd8b000 r--s 00054000 08:08 3277278                    /home/intelcan/.gradle/caches/modules-2/files-2.1/org.springframework/spring-aop/4.3.2.RELEASE/caef216e995f565dd4ab165ec5918ff44487615d/spring-aop-4.3.2.RELEASE.jar
7fdc6cd8b000-7fdc6cd94000 r--s 0008b000 08:08 3154307                    /home/intelcan/.gradle/caches/modules-2/files-2.1/com.sun.mail/javax.mail/1.5.5/ffcd34b5de820f35bcc9303649cf6ab2c65ad44e/javax.mail-1.5.5.jar
7fdc6cd94000-7fdc6cd99000 r--s 00029000 08:08 3154306                    /home/intelcan/.gradle/caches/modules-2/files-2.1/org.springframework/spring-context-support/4.3.2.RELEASE/bf6e7cdb1dd25f5d9fbe76dc4fb01fec7b92af2e/spring-context-support-4.3.2.RELEASE.jar
7fdc6cd99000-7fdc6cdb2000 r--s 000fc000 08:08 3277308                    /home/intelcan/.gradle/caches/modules-2/files-2.1/org.springframework/spring-context/4.3.2.RELEASE/e52782b824e097c3b1586b497fc6be0e95020770/spring-context-4.3.2.RELEASE.jar
7fdc6cdb2000-7fdc6cdb5000 r--s 0000c000 08:08 3277276                    /home/intelcan/.gradle/caches/modules-2/files-2.1/org.springframework/spring-aspects/4.3.2.RELEASE/bdb8ccdfd7e52c6e7b9a187327b1be04e0e2ac1f/spring-aspects-4.3.2.RELEASE.jar
7fdc6cdb5000-7fdc6cdbc000 r--s 0003d000 08:08 3277274                    /home/intelcan/.gradle/caches/modules-2/files-2.1/org.springframework.data/spring-data-jpa/1.10.2.RELEASE/5da5131a02365790d38469cd3bae778e4891daff/spring-data-jpa-1.10.2.RELEASE.jar
7fdc6cdbc000-7fdc6cdbe000 r--s 00006000 08:08 3277272                    /home/intelcan/.gradle/caches/modules-2/files-2.1/javax.transaction/javax.transaction-api/1.2/d81aff979d603edd90dcd8db2abc1f4ce6479e3e/javax.transaction-api-1.2.jar
7fdc6cdbe000-7fdc6cdcb000 r--s 00088000 08:08 3277270                    /home/intelcan/.gradle/caches/modules-2/files-2.1/org.hibernate/hibernate-entitymanager/5.0.9.Final/9eed86e58baf4a3fb9d5156cf03e59051e2bc6c5/hibernate-entitymanager-5.0.9.Final.jar
7fdc6cdcb000-7fdc6ce35000 r--s 004ed000 08:08 3277268                    /home/intelcan/.gradle/caches/modules-2/files-2.1/org.hibernate/hibernate-core/5.0.9.Final/7e06db0b4365876419daafc9b40c9088ba40f64d/hibernate-core-5.0.9.Final.jar
7fdc6ce35000-7fdc6ce36000 r--s 00000000 08:08 3277266                    /home/intelcan/.gradle/caches/modules-2/files-2.1/org.springframework.boot/spring-boot-starter-jdbc/1.4.0.RELEASE/46ab1fc323e5e6483ee94c1c17d20b3fadb42fa4/spring-boot-starter-jdbc-1.4.0.RELEASE.jar
7fdc6ce36000-7fdc6ce37000 r--s 00000000 08:08 3277264                    /home/intelcan/.gradle/caches/modules-2/files-2.1/org.springframework.boot/spring-boot-starter-aop/1.4.0.RELEASE/68109cfdd0e86e301528f3722e28f6c98f0b7d5e/spring-boot-starter-aop-1.4.0.RELEASE.jar
7fdc6ce37000-7fdc6ce39000 r--s 00003000 08:08 870                        /home/intelcan/.gradle/caches/modules-2/files-2.1/org.mapstruct/mapstruct/1.1.0.Final/65b81fa5234e1fd8461b77bbccee7b9ebc0bbbb2/mapstruct-1.1.0.Final.jar
7fdc6ce39000-7fdc6ce3b000 r--s 00000000 08:08 868                        /home/intelcan/.gradle/caches/modules-2/files-2.1/org.springframework.plugin/spring-plugin-metadata/1.2.0.RELEASE/97223fc496b6cab31602eedbd4202aa4fff0d44f/spring-plugin-metadata-1.2.0.RELEASE.jar
7fdc6ce3b000-7fdc6ce3c000 r--s 00004000 08:08 866                        /home/intelcan/.gradle/caches/modules-2/files-2.1/org.springframework.plugin/spring-plugin-core/1.2.0.RELEASE/f380e7760032e7d929184f8ad8a33716b75c0657/spring-plugin-core-1.2.0.RELEASE.jar
7fdc6ce3c000-7fdc6ce3e000 r--s 00009000 08:08 3277336                    /home/intelcan/.gradle/caches/modules-2/files-2.1/org.slf4j/slf4j-api/1.7.21/139535a69a4239db087de9bab0bee568bf8e0b70/slf4j-api-1.7.21.jar
7fdc6ce3e000-7fdc6ce41000 r--s 00013000 08:08 864                        /home/intelcan/.gradle/caches/modules-2/files-2.1/io.springfox/springfox-swagger-common/2.7.0/5a632aecc733753887f90592382fa271e546062a/springfox-swagger-common-2.7.0.jar
7fdc6ce41000-7fdc6ce44000 r--s 00010000 08:08 862                        /home/intelcan/.gradle/caches/modules-2/files-2.1/io.springfox/springfox-schema/2.7.0/aab297a6781e829b9d6bac514a4dc860966c3c8d/springfox-schema-2.7.0.jar
7fdc6ce44000-7fdc6ce47000 r--s 0000a000 08:08 860                        /home/intelcan/.gradle/caches/modules-2/files-2.1/io.springfox/springfox-spi/2.7.0/dab14edcb863dd506278dc950908b4f684e93b7/springfox-spi-2.7.0.jar
7fdc6ce47000-7fdc6ce4a000 r--s 00020000 08:08 858                        /home/intelcan/.gradle/caches/modules-2/files-2.1/io.swagger/swagger-models/1.5.13/571a0046f35f9dac569a1870465248595e33ccdb/swagger-models-1.5.13.jar
7fdc6ce4a000-7fdc6ce5c000 r--s 000ce000 08:08 3277262                    /home/intelcan/.gradle/caches/modules-2/files-2.1/org.springframework/spring-webmvc/4.3.2.RELEASE/99b68a8aca2ed67ad523e7341a90dd1c90fd669e/spring-webmvc-4.3.2.RELEASE.jar
7fdc6ce5c000-7fdc6ce6e000 r--s 000b5000 08:08 3277260                    /home/intelcan/.gradle/caches/modules-2/files-2.1/org.springframework/spring-web/4.3.2.RELEASE/562b3b775b6e8e7113b5d23b21946f939658bd19/spring-web-4.3.2.RELEASE.jar
7fdc6ce6e000-7fdc6ce80000 r--s 0011b000 08:08 3277258                    /home/intelcan/.gradle/caches/modules-2/files-2.1/com.fasterxml.jackson.core/jackson-databind/2.8.1/c04eb2cc599cd1742889bfa7cc41878db0d152f5/jackson-databind-2.8.1.jar
7fdc6ce80000-7fdc6ce83000 ---p 00000000 00:00 0 
7fdc6ce83000-7fdc6cf81000 rw-p 00000000 00:00 0 
7fdc6cf81000-7fdc6d003000 r--p 00000000 08:06 2929498                    /usr/lib/locale/locale-archive
7fdc6d003000-7fdc6d006000 ---p 00000000 00:00 0 
7fdc6d006000-7fdc6d104000 rw-p 00000000 00:00 0 
7fdc6d104000-7fdc6d107000 ---p 00000000 00:00 0 
7fdc6d107000-7fdc6d205000 rw-p 00000000 00:00 0 
7fdc6d205000-7fdc6d206000 ---p 00000000 00:00 0 
7fdc6d206000-7fdc6e215000 rw-p 00000000 00:00 0 
7fdc6e215000-7fdc6e3e3000 r--s 03c07000 08:06 3156418                    /usr/lib/jvm/java-8-openjdk/jre/lib/rt.jar
7fdc6e3e3000-7fdc6f035000 rw-p 00000000 00:00 0 
7fdc6f035000-7fdc6f036000 ---p 00000000 00:00 0 
7fdc6f036000-7fdc6f136000 rw-p 00000000 00:00 0 
7fdc6f136000-7fdc6f137000 ---p 00000000 00:00 0 
7fdc6f137000-7fdc6f237000 rw-p 00000000 00:00 0 
7fdc6f237000-7fdc6f238000 ---p 00000000 00:00 0 
7fdc6f238000-7fdc6f368000 rw-p 00000000 00:00 0 
7fdc6f368000-7fdc6f5cb000 ---p 00000000 00:00 0 
7fdc6f5cb000-7fdc6f5fb000 rw-p 00000000 00:00 0 
7fdc6f5fb000-7fdc6f85d000 ---p 00000000 00:00 0 
7fdc6f85d000-7fdc6f91c000 rw-p 00000000 00:00 0 
7fdc6f91c000-7fdc6f9a7000 ---p 00000000 00:00 0 
7fdc6f9a7000-7fdc6f9df000 rw-p 00000000 00:00 0 
7fdc6f9df000-7fdc6fd68000 ---p 00000000 00:00 0 
7fdc6fd68000-7fdc70b08000 rwxp 00000000 00:00 0 
7fdc70b08000-7fdc7ed68000 ---p 00000000 00:00 0 
7fdc7ed68000-7fdc7ed70000 r-xp 00000000 08:06 3156474                    /usr/lib/jvm/java-8-openjdk/jre/lib/amd64/libzip.so
7fdc7ed70000-7fdc7ef6f000 ---p 00008000 08:06 3156474                    /usr/lib/jvm/java-8-openjdk/jre/lib/amd64/libzip.so
7fdc7ef6f000-7fdc7ef70000 r--p 00007000 08:06 3156474                    /usr/lib/jvm/java-8-openjdk/jre/lib/amd64/libzip.so
7fdc7ef70000-7fdc7ef71000 rw-p 00008000 08:06 3156474                    /usr/lib/jvm/java-8-openjdk/jre/lib/amd64/libzip.so
7fdc7ef71000-7fdc7ef7c000 r-xp 00000000 08:06 2887016                    /usr/lib/libnss_files-2.25.so
7fdc7ef7c000-7fdc7f17b000 ---p 0000b000 08:06 2887016                    /usr/lib/libnss_files-2.25.so
7fdc7f17b000-7fdc7f17c000 r--p 0000a000 08:06 2887016                    /usr/lib/libnss_files-2.25.so
7fdc7f17c000-7fdc7f17d000 rw-p 0000b000 08:06 2887016                    /usr/lib/libnss_files-2.25.so
7fdc7f17d000-7fdc7f183000 rw-p 00000000 00:00 0 
7fdc7f183000-7fdc7f18e000 r-xp 00000000 08:06 2887018                    /usr/lib/libnss_nis-2.25.so
7fdc7f18e000-7fdc7f38d000 ---p 0000b000 08:06 2887018                    /usr/lib/libnss_nis-2.25.so
7fdc7f38d000-7fdc7f38e000 r--p 0000a000 08:06 2887018                    /usr/lib/libnss_nis-2.25.so
7fdc7f38e000-7fdc7f38f000 rw-p 0000b000 08:06 2887018                    /usr/lib/libnss_nis-2.25.so
7fdc7f38f000-7fdc7f3a4000 r-xp 00000000 08:06 2887022                    /usr/lib/libnsl-2.25.so
7fdc7f3a4000-7fdc7f5a3000 ---p 00015000 08:06 2887022                    /usr/lib/libnsl-2.25.so
7fdc7f5a3000-7fdc7f5a4000 r--p 00014000 08:06 2887022                    /usr/lib/libnsl-2.25.so
7fdc7f5a4000-7fdc7f5a5000 rw-p 00015000 08:06 2887022                    /usr/lib/libnsl-2.25.so
7fdc7f5a5000-7fdc7f5a7000 rw-p 00000000 00:00 0 
7fdc7f5a7000-7fdc7f5ae000 r-xp 00000000 08:06 2887013                    /usr/lib/libnss_compat-2.25.so
7fdc7f5ae000-7fdc7f7ad000 ---p 00007000 08:06 2887013                    /usr/lib/libnss_compat-2.25.so
7fdc7f7ad000-7fdc7f7ae000 r--p 00006000 08:06 2887013                    /usr/lib/libnss_compat-2.25.so
7fdc7f7ae000-7fdc7f7af000 rw-p 00007000 08:06 2887013                    /usr/lib/libnss_compat-2.25.so
7fdc7f7af000-7fdc7f7b9000 r-xp 00000000 08:06 3156482                    /usr/lib/jvm/java-8-openjdk/jre/lib/amd64/libinstrument.so
7fdc7f7b9000-7fdc7f9b8000 ---p 0000a000 08:06 3156482                    /usr/lib/jvm/java-8-openjdk/jre/lib/amd64/libinstrument.so
7fdc7f9b8000-7fdc7f9b9000 r--p 00009000 08:06 3156482                    /usr/lib/jvm/java-8-openjdk/jre/lib/amd64/libinstrument.so
7fdc7f9b9000-7fdc7f9ba000 rw-p 0000a000 08:06 3156482                    /usr/lib/jvm/java-8-openjdk/jre/lib/amd64/libinstrument.so
7fdc7f9ba000-7fdc7f9e7000 r-xp 00000000 08:06 3156475                    /usr/lib/jvm/java-8-openjdk/jre/lib/amd64/libjava.so
7fdc7f9e7000-7fdc7fbe6000 ---p 0002d000 08:06 3156475                    /usr/lib/jvm/java-8-openjdk/jre/lib/amd64/libjava.so
7fdc7fbe6000-7fdc7fbe7000 r--p 0002c000 08:06 3156475                    /usr/lib/jvm/java-8-openjdk/jre/lib/amd64/libjava.so
7fdc7fbe7000-7fdc7fbe9000 rw-p 0002d000 08:06 3156475                    /usr/lib/jvm/java-8-openjdk/jre/lib/amd64/libjava.so
7fdc7fbe9000-7fdc7fbf6000 r-xp 00000000 08:06 3156463                    /usr/lib/jvm/java-8-openjdk/jre/lib/amd64/libverify.so
7fdc7fbf6000-7fdc7fdf5000 ---p 0000d000 08:06 3156463                    /usr/lib/jvm/java-8-openjdk/jre/lib/amd64/libverify.so
7fdc7fdf5000-7fdc7fdf7000 r--p 0000c000 08:06 3156463                    /usr/lib/jvm/java-8-openjdk/jre/lib/amd64/libverify.so
7fdc7fdf7000-7fdc7fdf8000 rw-p 0000e000 08:06 3156463                    /usr/lib/jvm/java-8-openjdk/jre/lib/amd64/libverify.so
7fdc7fdf8000-7fdc7fdff000 r-xp 00000000 08:06 2887024                    /usr/lib/librt-2.25.so
7fdc7fdff000-7fdc7fffe000 ---p 00007000 08:06 2887024                    /usr/lib/librt-2.25.so
7fdc7fffe000-7fdc7ffff000 r--p 00006000 08:06 2887024                    /usr/lib/librt-2.25.so
7fdc7ffff000-7fdc80000000 rw-p 00007000 08:06 2887024                    /usr/lib/librt-2.25.so
7fdc80000000-7fdc81051000 rw-p 00000000 00:00 0 
7fdc81051000-7fdc84000000 ---p 00000000 00:00 0 
7fdc84000000-7fdc84002000 r--s 0000e000 08:08 3277300                    /home/intelcan/.gradle/caches/modules-2/files-2.1/com.fasterxml/classmate/1.3.1/2ad2fd09dcf5607ca96f8ef432096a96986c40a/classmate-1.3.1.jar
7fdc84002000-7fdc84004000 r--s 00004000 08:08 856                        /home/intelcan/.gradle/caches/modules-2/files-2.1/io.swagger/swagger-annotations/1.5.13/72433c890a61a876d22063e269be421c810a1a8d/swagger-annotations-1.5.13.jar
7fdc84004000-7fdc84014000 r--s 0009c000 08:08 3277256                    /home/intelcan/.gradle/caches/modules-2/files-2.1/org.hibernate/hibernate-validator/5.2.4.Final/fb18766b576aa6632bcfe9a20a023cbd52bf9769/hibernate-validator-5.2.4.Final.jar
7fdc84014000-7fdc84015000 r--s 00000000 08:08 3277254                    /home/intelcan/.gradle/caches/modules-2/files-2.1/org.springframework.boot/spring-boot-starter-tomcat/1.4.0.RELEASE/9f3530cbc1998b9aeebd0a5c070f5d4f24357610/spring-boot-starter-tomcat-1.4.0.RELEASE.jar
7fdc84015000-7fdc84016000 r--s 00000000 08:08 3277252                    /home/intelcan/.gradle/caches/modules-2/files-2.1/org.springframework.boot/spring-boot-starter/1.4.0.RELEASE/9eb9be27958cc17de9673a6fbbdaf16fb65a7fdc/spring-boot-starter-1.4.0.RELEASE.jar
7fdc84016000-7fdc84017000 r--s 0001c000 08:08 4204516                    /home/intelcan/.gradle/caches/modules-2/files-2.1/org.webjars/sockjs-client/1.0.2/38abdad784d10a7fd9e25af81bdf47016e8ee50d/sockjs-client-1.0.2.jar
7fdc84017000-7fdc84018000 r--s 00003000 08:08 3953189                    /home/intelcan/.gradle/caches/modules-2/files-2.1/org.webjars/webjars-locator/0.32/950f7362dc70736b80681037b81df1148a64a04a/webjars-locator-0.32.jar
7fdc84018000-7fdc84019000 r--s 00000000 08:08 2117238                    /home/intelcan/.gradle/caches/modules-2/files-2.1/org.springframework.boot/spring-boot-starter-websocket/1.4.0.RELEASE/ed02dc6fc0fc41f6420f639774fd7fa379f4a63b/spring-boot-starter-websocket-1.4.0.RELEASE.jar
7fdc84019000-7fdc8401d000 r--s 0002f000 08:08 4211928                    /home/intelcan/.gradle/caches/modules-2/files-2.1/commons-io/commons-io/2.5/2852e6e05fbb95076fc091f6d1780f1f8fe35e0f/commons-io-2.5.jar
7fdc8401d000-7fdc84024000 r--s 00064000 08:08 3674686                    /home/intelcan/.gradle/caches/modules-2/files-2.1/org.apache.commons/commons-lang3/3.4/5fe28b9518e58819180a43a850fbc0dd24b7c050/commons-lang3-3.4.jar
7fdc84024000-7fdc84027000 r--s 00017000 08:08 3277248                    /home/intelcan/.gradle/caches/modules-2/files-2.1/io.jsonwebtoken/jjwt/0.6.0/3c8a7897b9ca31c83d3dd364be7f75ce5cd417d7/jjwt-0.6.0.jar
7fdc84027000-7fdc84028000 r--s 00000000 08:08 3277246                    /home/intelcan/.gradle/caches/modules-2/files-2.1/org.springframework.boot/spring-boot-starter-security/1.4.1.RELEASE/cc92d99db7f227f843ea9be15ffc8ddb3de03e07/spring-boot-starter-security-1.4.1.RELEASE.jar
7fdc84028000-7fdc8402e000 r--s 00081000 08:08 3146747                    /home/intelcan/.gradle/caches/modules-2/files-2.1/postgresql/postgresql/9.1-901-1.jdbc4/9bfabe48876ec38f6cbaa6931bad05c64a9ea942/postgresql-9.1-901-1.jdbc4.jar
7fdc8402e000-7fdc8402f000 r--s 00000000 08:08 3154305                    /home/intelcan/.gradle/caches/modules-2/files-2.1/org.springframework.boot/spring-boot-starter-mail/1.5.3.RELEASE/f6f5d95f49bdbc36088cf5f7e7c02320b6fdad18/spring-boot-starter-mail-1.5.3.RELEASE.jar
7fdc8402f000-7fdc84030000 r--s 00000000 08:08 3146745                    /home/intelcan/.gradle/caches/modules-2/files-2.1/org.springframework.boot/spring-boot-starter-data-jpa/1.4.0.RELEASE/d373fd566589910cdde69ca3b9de79c433eb29dd/spring-boot-starter-data-jpa-1.4.0.RELEASE.jar
7fdc84030000-7fdc84033000 r--s 0000d000 08:08 854                        /home/intelcan/.gradle/caches/modules-2/files-2.1/io.springfox/springfox-swagger2/2.7.0/dd28b7ce26af1209d6ef19f5f24a8c23b41ca6fc/springfox-swagger2-2.7.0.jar
7fdc84033000-7fdc84035000 r--s 0006e000 08:08 852                        /home/intelcan/.gradle/caches/modules-2/files-2.1/io.springfox/springfox-swagger-ui/2.6.1/4c854c86c91ab36c86fc1a63571a0614c2ea9ab2/springfox-swagger-ui-2.6.1.jar
7fdc84035000-7fdc8403a000 r--s 00034000 08:08 3146743                    /home/intelcan/.gradle/caches/modules-2/files-2.1/com.google.code.gson/gson/2.7/751f548c85fa49f330cecbb1875893f971b33c4e/gson-2.7.jar
7fdc8403a000-7fdc8403b000 r--s 00000000 08:08 3146741                    /home/intelcan/.gradle/caches/modules-2/files-2.1/org.springframework.boot/spring-boot-starter-web/1.4.0.RELEASE/bcefa854b75a7e0bcf612bfbe030bdcb05c9da82/spring-boot-starter-web-1.4.0.RELEASE.jar
7fdc8403b000-7fdc8403c000 ---p 00000000 00:00 0 
7fdc8403c000-7fdc8413c000 rw-p 00000000 00:00 0 
7fdc8413c000-7fdc8424c000 r-xp 00000000 08:06 2887021                    /usr/lib/libm-2.25.so
7fdc8424c000-7fdc8444c000 ---p 00110000 08:06 2887021                    /usr/lib/libm-2.25.so
7fdc8444c000-7fdc8444d000 r--p 00110000 08:06 2887021                    /usr/lib/libm-2.25.so
7fdc8444d000-7fdc8444e000 rw-p 00111000 08:06 2887021                    /usr/lib/libm-2.25.so
7fdc8444e000-7fdc850b7000 r-xp 00000000 08:06 139576                     /usr/lib/jvm/java-8-openjdk/jre/lib/amd64/server/libjvm.so
7fdc850b7000-7fdc852b6000 ---p 00c69000 08:06 139576                     /usr/lib/jvm/java-8-openjdk/jre/lib/amd64/server/libjvm.so
7fdc852b6000-7fdc8534a000 r--p 00c68000 08:06 139576                     /usr/lib/jvm/java-8-openjdk/jre/lib/amd64/server/libjvm.so
7fdc8534a000-7fdc85372000 rw-p 00cfc000 08:06 139576                     /usr/lib/jvm/java-8-openjdk/jre/lib/amd64/server/libjvm.so
7fdc85372000-7fdc853a3000 rw-p 00000000 00:00 0 
7fdc853a3000-7fdc8553f000 r-xp 00000000 08:06 2886970                    /usr/lib/libc-2.25.so
7fdc8553f000-7fdc8573e000 ---p 0019c000 08:06 2886970                    /usr/lib/libc-2.25.so
7fdc8573e000-7fdc85742000 r--p 0019b000 08:06 2886970                    /usr/lib/libc-2.25.so
7fdc85742000-7fdc85744000 rw-p 0019f000 08:06 2886970                    /usr/lib/libc-2.25.so
7fdc85744000-7fdc85748000 rw-p 00000000 00:00 0 
7fdc85748000-7fdc8574b000 r-xp 00000000 08:06 2887020                    /usr/lib/libdl-2.25.so
7fdc8574b000-7fdc8594a000 ---p 00003000 08:06 2887020                    /usr/lib/libdl-2.25.so
7fdc8594a000-7fdc8594b000 r--p 00002000 08:06 2887020                    /usr/lib/libdl-2.25.so
7fdc8594b000-7fdc8594c000 rw-p 00003000 08:06 2887020                    /usr/lib/libdl-2.25.so
7fdc8594c000-7fdc85959000 r-xp 00000000 08:06 139579                     /usr/lib/jvm/java-8-openjdk/jre/lib/amd64/jli/libjli.so
7fdc85959000-7fdc85b58000 ---p 0000d000 08:06 139579                     /usr/lib/jvm/java-8-openjdk/jre/lib/amd64/jli/libjli.so
7fdc85b58000-7fdc85b59000 r--p 0000c000 08:06 139579                     /usr/lib/jvm/java-8-openjdk/jre/lib/amd64/jli/libjli.so
7fdc85b59000-7fdc85b5a000 rw-p 0000d000 08:06 139579                     /usr/lib/jvm/java-8-openjdk/jre/lib/amd64/jli/libjli.so
7fdc85b5a000-7fdc85b70000 r-xp 00000000 08:06 2891306                    /usr/lib/libz.so.1.2.11
7fdc85b70000-7fdc85d6f000 ---p 00016000 08:06 2891306                    /usr/lib/libz.so.1.2.11
7fdc85d6f000-7fdc85d70000 r--p 00015000 08:06 2891306                    /usr/lib/libz.so.1.2.11
7fdc85d70000-7fdc85d71000 rw-p 00016000 08:06 2891306                    /usr/lib/libz.so.1.2.11
7fdc85d71000-7fdc85d8a000 r-xp 00000000 08:06 2886951                    /usr/lib/libpthread-2.25.so
7fdc85d8a000-7fdc85f89000 ---p 00019000 08:06 2886951                    /usr/lib/libpthread-2.25.so
7fdc85f89000-7fdc85f8a000 r--p 00018000 08:06 2886951                    /usr/lib/libpthread-2.25.so
7fdc85f8a000-7fdc85f8b000 rw-p 00019000 08:06 2886951                    /usr/lib/libpthread-2.25.so
7fdc85f8b000-7fdc85f8f000 rw-p 00000000 00:00 0 
7fdc85f8f000-7fdc85fb2000 r-xp 00000000 08:06 2886969                    /usr/lib/ld-2.25.so
7fdc85fb2000-7fdc85fc5000 r--s 00346000 08:06 3156435                    /usr/lib/jvm/java-8-openjdk/jre/lib/resources.jar
7fdc85fc5000-7fdc85fc6000 r--s 00000000 08:06 3156430                    /usr/lib/jvm/java-8-openjdk/jre/lib/management-agent.jar
7fdc85fc6000-7fdc85fcb000 r--s 0009a000 08:06 3156424                    /usr/lib/jvm/java-8-openjdk/jre/lib/jsse.jar
7fdc85fcb000-7fdc85fce000 r--s 00015000 08:06 3156429                    /usr/lib/jvm/java-8-openjdk/jre/lib/jce.jar
7fdc85fce000-7fdc85fd3000 r--s 002f9000 08:06 3156431                    /usr/lib/jvm/java-8-openjdk/jre/lib/charsets.jar
7fdc85fd3000-7fdc8607b000 rw-p 00000000 00:00 0 
7fdc8607b000-7fdc8607e000 ---p 00000000 00:00 0 
7fdc8607e000-7fdc861a5000 rw-p 00000000 00:00 0 
7fdc861a5000-7fdc861ad000 rw-s 00000000 00:25 436225                     /tmp/hsperfdata_intelcan/13237
7fdc861ad000-7fdc861ae000 rw-p 00000000 00:00 0 
7fdc861ae000-7fdc861af000 ---p 00000000 00:00 0 
7fdc861af000-7fdc861b1000 rw-p 00000000 00:00 0 
7fdc861b1000-7fdc861b2000 r--p 00022000 08:06 2886969                    /usr/lib/ld-2.25.so
7fdc861b2000-7fdc861b3000 rw-p 00023000 08:06 2886969                    /usr/lib/ld-2.25.so
7fdc861b3000-7fdc861b4000 rw-p 00000000 00:00 0 
7ffda7754000-7ffda7779000 rw-p 00000000 00:00 0                          [stack]
7ffda778e000-7ffda7790000 r--p 00000000 00:00 0                          [vvar]
7ffda7790000-7ffda7792000 r-xp 00000000 00:00 0                          [vdso]
ffffffffff600000-ffffffffff601000 r-xp 00000000 00:00 0                  [vsyscall]

VM Arguments:
jvm_args: -XX:TieredStopAtLevel=1 -Xverify:none -Dspring.output.ansi.enabled=always -Dcom.sun.management.jmxremote -Dcom.sun.management.jmxremote.port=39699 -Dcom.sun.management.jmxremote.authenticate=false -Dcom.sun.management.jmxremote.ssl=false -Dspring.liveBeansView.mbeanDomain -Dspring.application.admin.enabled=true -javaagent:/opt/idea/lib/idea_rt.jar=39561:/opt/idea/bin -Dfile.encoding=UTF-8 
java_command: org.JKDW.Application
java_class_path (initial): /usr/lib/jvm/java-8-openjdk/jre/lib/charsets.jar:/usr/lib/jvm/java-8-openjdk/jre/lib/ext/cldrdata.jar:/usr/lib/jvm/java-8-openjdk/jre/lib/ext/dnsns.jar:/usr/lib/jvm/java-8-openjdk/jre/lib/ext/jaccess.jar:/usr/lib/jvm/java-8-openjdk/jre/lib/ext/localedata.jar:/usr/lib/jvm/java-8-openjdk/jre/lib/ext/nashorn.jar:/usr/lib/jvm/java-8-openjdk/jre/lib/ext/sunec.jar:/usr/lib/jvm/java-8-openjdk/jre/lib/ext/sunjce_provider.jar:/usr/lib/jvm/java-8-openjdk/jre/lib/ext/sunpkcs11.jar:/usr/lib/jvm/java-8-openjdk/jre/lib/ext/zipfs.jar:/usr/lib/jvm/java-8-openjdk/jre/lib/jce.jar:/usr/lib/jvm/java-8-openjdk/jre/lib/jsse.jar:/usr/lib/jvm/java-8-openjdk/jre/lib/management-agent.jar:/usr/lib/jvm/java-8-openjdk/jre/lib/resources.jar:/usr/lib/jvm/java-8-openjdk/jre/lib/rt.jar:/home/intelcan/Java/WebKitchen_git/build/classes/main:/home/intelcan/.gradle/caches/modules-2/files-2.1/org.springframework.boot/spring-boot-starter-web/1.4.0.RELEASE/bcefa854b75a7e0bcf612bfbe030bdcb05c9da82/spring-boot-starter-web-1.4.0.RELEASE.jar:/home/intelcan/.gradle/caches/modules-2/files-2.1/com.google.code.gson/gson/2.7/751f548c85fa49f330cecbb1875893f971b33c4e/gson-2.7.jar:/home/intelcan/.gradle/caches/modules-2/files-2.1/io.springfox/springfox-swagger-ui/2.6.1/4c854c86c91ab36c86fc1a63571a0614c2ea9ab2/springfox-swagger-ui-2.6.1.jar:/home/intelcan/Java/WebKitchen_git/build/generated-web-resources:/home/intelcan/.gradle/caches/modules-2/files-2.1/io.springfox/springfox-swagger2/2.7.0/dd28b7ce26af1209d6ef19f5f24a8c23b41ca6fc/springfox-swagger2-2.7.0.jar:/home/intelcan/.gradle/caches/modules-2/files-2.1/org.springframework.boot/spring-boot-starter-data-jpa/1.4.0.RELEASE/d373fd566589910cdde69ca3b9de79c433eb29dd/spring-boot-starter-data-jpa-1.4.0.RELEASE.jar:/home/intelcan/.gradle/caches/modules-2/files-2.1/org.springframework.boot/spring-boot-starter-mail/1.5.3.RELEASE/f6f5d95f49bdbc36088cf5f7e7c02320b6fdad18/spring-boot-starter-mail-1.5.3.RELEASE.jar:/home/intelcan/.gradle/caches/modu
Launcher Type: SUN_STANDARD

Environment Variables:
JAVA_HOME=/usr/lib64/jvm/java-8-openjdk
PATH=/usr/lib64/jvm/java-8-openjdk/bin:/usr/local/sbin:/usr/local/bin:/usr/bin:/usr/lib/jvm/default/bin:/usr/bin/site_perl:/usr/bin/vendor_perl:/usr/bin/core_perl
LD_LIBRARY_PATH=/opt/idea/bin:
SHELL=/bin/bash
DISPLAY=:0

Signal Handlers:
SIGSEGV: [libjvm.so+0xa69be0], sa_mask[0]=11111111011111111101111111111110, sa_flags=SA_RESTART|SA_SIGINFO
SIGBUS: [libjvm.so+0xa69be0], sa_mask[0]=11111111011111111101111111111110, sa_flags=SA_RESTART|SA_SIGINFO
SIGFPE: [libjvm.so+0x8aad70], sa_mask[0]=11111111011111111101111111111110, sa_flags=SA_RESTART|SA_SIGINFO
SIGPIPE: [libjvm.so+0x8aad70], sa_mask[0]=11111111011111111101111111111110, sa_flags=SA_RESTART|SA_SIGINFO
SIGXFSZ: [libjvm.so+0x8aad70], sa_mask[0]=11111111011111111101111111111110, sa_flags=SA_RESTART|SA_SIGINFO
SIGILL: [libjvm.so+0x8aad70], sa_mask[0]=11111111011111111101111111111110, sa_flags=SA_RESTART|SA_SIGINFO
SIGUSR1: SIG_DFL, sa_mask[0]=00000000000000000000000000000000, sa_flags=none
SIGUSR2: [libjvm.so+0x8aac40], sa_mask[0]=00100000000000000000000000000000, sa_flags=SA_RESTART|SA_SIGINFO
SIGHUP: [libjvm.so+0x8ab0a0], sa_mask[0]=11111111011111111101111111111110, sa_flags=SA_RESTART|SA_SIGINFO
SIGINT: [libjvm.so+0x8ab0a0], sa_mask[0]=11111111011111111101111111111110, sa_flags=SA_RESTART|SA_SIGINFO
SIGTERM: [libjvm.so+0x8ab0a0], sa_mask[0]=11111111011111111101111111111110, sa_flags=SA_RESTART|SA_SIGINFO
SIGQUIT: [libjvm.so+0x8ab0a0], sa_mask[0]=11111111011111111101111111111110, sa_flags=SA_RESTART|SA_SIGINFO


---------------  S Y S T E M  ---------------

OS:NAME="Arch Linux"
PRETTY_NAME="Arch Linux"
ID=arch
ID_LIKE=archlinux
ANSI_COLOR="0;36"
HOME_URL="https://www.archlinux.org/"
SUPPORT_URL="https://bbs.archlinux.org/"
BUG_REPORT_URL="https://bugs.archlinux.org/"


uname:Linux 4.11.3-1-ARCH #1 SMP PREEMPT Sun May 28 10:40:17 CEST 2017 x86_64
libc:glibc 2.25 NPTL 2.25 
rlimit: STACK 8192k, CORE infinity, NPROC 31285, NOFILE 4096, AS infinity
load average:6,47 2,34 1,57

/proc/meminfo:
MemTotal:        8089404 kB
MemFree:          124392 kB
MemAvailable:      31116 kB
Buffers:             804 kB
Cached:           739688 kB
SwapCached:            0 kB
Active:          6954968 kB
Inactive:         719632 kB
Active(anon):    6941660 kB
Inactive(anon):   689184 kB
Active(file):      13308 kB
Inactive(file):    30448 kB
Unevictable:         168 kB
Mlocked:             168 kB
SwapTotal:             0 kB
SwapFree:              0 kB
Dirty:               224 kB
Writeback:             0 kB
AnonPages:       6934936 kB
Mapped:           549440 kB
Shmem:            696080 kB
Slab:              93780 kB
SReclaimable:      47560 kB
SUnreclaim:        46220 kB
KernelStack:       15296 kB
PageTables:        80904 kB
NFS_Unstable:          0 kB
Bounce:                0 kB
WritebackTmp:          0 kB
CommitLimit:     4044700 kB
Committed_AS:   15339008 kB
VmallocTotal:   34359738367 kB
VmallocUsed:           0 kB
VmallocChunk:          0 kB
HardwareCorrupted:     0 kB
AnonHugePages:   2721792 kB
ShmemHugePages:        0 kB
ShmemPmdMapped:        0 kB
HugePages_Total:       0
HugePages_Free:        0
HugePages_Rsvd:        0
HugePages_Surp:        0
Hugepagesize:       2048 kB
DirectMap4k:      219904 kB
DirectMap2M:     8079360 kB
DirectMap1G:     1048576 kB


CPU:total 4 (initial active 4) (2 cores per cpu, 2 threads per core) family 6 model 60 stepping 3, cmov, cx8, fxsr, mmx, sse, sse2, sse3, ssse3, sse4.1, sse4.2, popcnt, avx, avx2, aes, clmul, erms, lzcnt, ht, tsc, tscinvbit, bmi1, bmi2

/proc/cpuinfo:
processor	: 0
vendor_id	: GenuineIntel
cpu family	: 6
model		: 60
model name	: Intel(R) Core(TM) i5-4200M CPU @ 2.50GHz
stepping	: 3
microcode	: 0x10
cpu MHz		: 2473.449
cache size	: 3072 KB
physical id	: 0
siblings	: 4
core id		: 0
cpu cores	: 2
apicid		: 0
initial apicid	: 0
fpu		: yes
fpu_exception	: yes
cpuid level	: 13
wp		: yes
flags		: fpu vme de pse tsc msr pae mce cx8 apic sep mtrr pge mca cmov pat pse36 clflush dts acpi mmx fxsr sse sse2 ss ht tm pbe syscall nx pdpe1gb rdtscp lm constant_tsc arch_perfmon pebs bts rep_good nopl xtopology nonstop_tsc cpuid aperfmperf pni pclmulqdq dtes64 monitor ds_cpl vmx est tm2 ssse3 sdbg fma cx16 xtpr pdcm pcid sse4_1 sse4_2 movbe popcnt tsc_deadline_timer aes xsave avx f16c rdrand lahf_lm abm epb tpr_shadow vnmi flexpriority ept vpid fsgsbase tsc_adjust bmi1 avx2 smep bmi2 erms invpcid xsaveopt dtherm ida arat pln pts
bugs		:
bogomips	: 4990.03
clflush size	: 64
cache_alignment	: 64
address sizes	: 39 bits physical, 48 bits virtual
power management:

processor	: 1
vendor_id	: GenuineIntel
cpu family	: 6
model		: 60
model name	: Intel(R) Core(TM) i5-4200M CPU @ 2.50GHz
stepping	: 3
microcode	: 0x10
cpu MHz		: 2499.847
cache size	: 3072 KB
physical id	: 0
siblings	: 4
core id		: 0
cpu cores	: 2
apicid		: 1
initial apicid	: 1
fpu		: yes
fpu_exception	: yes
cpuid level	: 13
wp		: yes
flags		: fpu vme de pse tsc msr pae mce cx8 apic sep mtrr pge mca cmov pat pse36 clflush dts acpi mmx fxsr sse sse2 ss ht tm pbe syscall nx pdpe1gb rdtscp lm constant_tsc arch_perfmon pebs bts rep_good nopl xtopology nonstop_tsc cpuid aperfmperf pni pclmulqdq dtes64 monitor ds_cpl vmx est tm2 ssse3 sdbg fma cx16 xtpr pdcm pcid sse4_1 sse4_2 movbe popcnt tsc_deadline_timer aes xsave avx f16c rdrand lahf_lm abm epb tpr_shadow vnmi flexpriority ept vpid fsgsbase tsc_adjust bmi1 avx2 smep bmi2 erms invpcid xsaveopt dtherm ida arat pln pts
bugs		:
bogomips	: 4991.90
clflush size	: 64
cache_alignment	: 64
address sizes	: 39 bits physical, 48 bits virtual
power management:

processor	: 2
vendor_id	: GenuineIntel
cpu family	: 6
model		: 60
model name	: Intel(R) Core(TM) i5-4200M CPU @ 2.50GHz
stepping	: 3
microcode	: 0x10
cpu MHz		: 2622.222
cache size	: 3072 KB
physical id	: 0
siblings	: 4
core id		: 1
cpu cores	: 2
apicid		: 2
initial apicid	: 2
fpu		: yes
fpu_exception	: yes
cpuid level	: 13
wp		: yes
flags		: fpu vme de pse tsc msr pae mce cx8 apic sep mtrr pge mca cmov pat pse36 clflush dts acpi mmx fxsr sse sse2 ss ht tm pbe syscall nx pdpe1gb rdtscp lm constant_tsc arch_perfmon pebs bts rep_good nopl xtopology nonstop_tsc cpuid aperfmperf pni pclmulqdq dtes64 monitor ds_cpl vmx est tm2 ssse3 sdbg fma cx16 xtpr pdcm pcid sse4_1 sse4_2 movbe popcnt tsc_deadline_timer aes xsave avx f16c rdrand lahf_lm abm epb tpr_shadow vnmi flexpriority ept vpid fsgsbase tsc_adjust bmi1 avx2 smep bmi2 erms invpcid xsaveopt dtherm ida arat pln pts
bugs		:
bogomips	: 4991.34
clflush size	: 64
cache_alignment	: 64
address sizes	: 39 bits physical, 48 bits virtual
power management:

processor	: 3
vendor_id	: GenuineIntel
cpu family	: 6
model		: 60
model name	: Intel(R) Core(TM) i5-4200M CPU @ 2.50GHz
stepping	: 3
microcode	: 0x10
cpu MHz		: 2500.000
cache size	: 3072 KB
physical id	: 0
siblings	: 4
core id		: 1
cpu cores	: 2
apicid		: 3
initial apicid	: 3
fpu		: yes
fpu_exception	: yes
cpuid level	: 13
wp		: yes
flags		: fpu vme de pse tsc msr pae mce cx8 apic sep mtrr pge mca cmov pat pse36 clflush dts acpi mmx fxsr sse sse2 ss ht tm pbe syscall nx pdpe1gb rdtscp lm constant_tsc arch_perfmon pebs bts rep_good nopl xtopology nonstop_tsc cpuid aperfmperf pni pclmulqdq dtes64 monitor ds_cpl vmx est tm2 ssse3 sdbg fma cx16 xtpr pdcm pcid sse4_1 sse4_2 movbe popcnt tsc_deadline_timer aes xsave avx f16c rdrand lahf_lm abm epb tpr_shadow vnmi flexpriority ept vpid fsgsbase tsc_adjust bmi1 avx2 smep bmi2 erms invpcid xsaveopt dtherm ida arat pln pts
bugs		:
bogomips	: 4991.36
clflush size	: 64
cache_alignment	: 64
address sizes	: 39 bits physical, 48 bits virtual
power management:



Memory: 4k page, physical 8089404k(124392k free), swap 0k(0k free)

vm_info: OpenJDK 64-Bit Server VM (25.131-b11) for linux-amd64 JRE (1.8.0_131-b11), built on Jun 10 2017 08:19:59 by "builduser" with gcc 7.1.1 20170516

time: Sat Sep  2 16:52:20 2017
elapsed time: 48 seconds (0d 0h 0m 48s)

