#
# There is insufficient memory for the Java Runtime Environment to continue.
# Native memory allocation (mmap) failed to map 180879360 bytes for committing reserved memory.
# Possible reasons:
#   The system is out of physical RAM or swap space
#   In 32 bit mode, the process size limit was hit
# Possible solutions:
#   Reduce memory load on the system
#   Increase physical memory or swap space
#   Check if swap backing store is full
#   Use 64 bit Java on a 64 bit OS
#   Decrease Java heap size (-Xmx/-Xms)
#   Decrease number of Java threads
#   Decrease Java thread stack sizes (-Xss)
#   Set larger code cache with -XX:ReservedCodeCacheSize=
# This output file may be truncated or incomplete.
#
#  Out of Memory Error (os_linux.cpp:2640), pid=13108, tid=0x00007fb455acb700
#
# JRE version: OpenJDK Runtime Environment (8.0_131-b11) (build 1.8.0_131-b11)
# Java VM: OpenJDK 64-Bit Server VM (25.131-b11 mixed mode linux-amd64 compressed oops)
# Core dump written. Default location: /home/intelcan/Java/WebKitchen_git/core or core.13108
#

---------------  T H R E A D  ---------------

Current thread (0x00007fb468147000):  VMThread [stack: 0x00007fb4559cb000,0x00007fb455acc000] [id=13119]

Stack: [0x00007fb4559cb000,0x00007fb455acc000],  sp=0x00007fb455aca570,  free space=1021k
Native frames: (J=compiled Java code, j=interpreted, Vv=VM code, C=native code)
V  [libjvm.so+0xa692bf]
V  [libjvm.so+0x4c3be7]
V  [libjvm.so+0x8af050]
V  [libjvm.so+0x8a9d7f]
V  [libjvm.so+0x926e06]
V  [libjvm.so+0x928098]
V  [libjvm.so+0x924826]
V  [libjvm.so+0x924bcc]
V  [libjvm.so+0x8d4ce8]
V  [libjvm.so+0xa6ada3]
V  [libjvm.so+0xa6fcc6]
V  [libjvm.so+0xa6d602]
V  [libjvm.so+0xa6ea2b]
V  [libjvm.so+0xa6edd8]
V  [libjvm.so+0x8ac912]

VM_Operation (0x00007fb46e902630): ParallelGCFailedAllocation, mode: safepoint, requested by thread 0x00007fb468012800


---------------  P R O C E S S  ---------------

Java Threads: ( => current thread )
  0x00007fb414002800 JavaThread "RMI TCP Connection(3)-192.168.1.8" daemon [_thread_in_native, id=13192, stack(0x00007fb4119f6000,0x00007fb411af7000)]
  0x00007fb46874b000 JavaThread "container-0" [_thread_blocked, id=13191, stack(0x00007fb411af7000,0x00007fb411bf8000)]
  0x00007fb3f04b0800 JavaThread "ContainerBackgroundProcessor[StandardEngine[Tomcat].StandardHost[localhost].StandardContext[]]" daemon [_thread_blocked, id=13190, stack(0x00007fb411ff8000,0x00007fb4120f9000)]
  0x00007fb3f018a000 JavaThread "Tomcat JDBC Pool Cleaner[414493378:1504363818495]" daemon [_thread_blocked, id=13173, stack(0x00007fb4128f9000,0x00007fb4129fa000)]
  0x00007fb3fc11c000 JavaThread "localhost-startStop-1" daemon [_thread_blocked, id=13166, stack(0x00007fb4131fa000,0x00007fb4132fb000)]
  0x00007fb468e17800 JavaThread "Tomcat-startStop-1" daemon [_thread_blocked, id=13165, stack(0x00007fb413afb000,0x00007fb413bfc000)]
  0x00007fb400009000 JavaThread "RMI Scheduler(0)" daemon [_thread_blocked, id=13143, stack(0x00007fb413bfc000,0x00007fb413cfd000)]
  0x00007fb414001000 JavaThread "RMI TCP Connection(4)-192.168.1.8" daemon [_thread_in_native, id=13142, stack(0x00007fb413cfd000,0x00007fb413dfe000)]
  0x00007fb418001800 JavaThread "RMI TCP Connection(1)-127.0.0.1" daemon [_thread_in_native, id=13140, stack(0x00007fb413dfe000,0x00007fb413eff000)]
  0x00007fb4686d9000 JavaThread "RMI TCP Accept-0" daemon [_thread_in_native, id=13138, stack(0x00007fb44403e000,0x00007fb44413f000)]
  0x00007fb4686b2000 JavaThread "RMI TCP Accept-35509" daemon [_thread_in_native, id=13137, stack(0x00007fb44413f000,0x00007fb444240000)]
  0x00007fb46869e000 JavaThread "RMI TCP Accept-0" daemon [_thread_in_native, id=13136, stack(0x00007fb454020000,0x00007fb454121000)]
  0x00007fb4685b2800 JavaThread "Service Thread" daemon [_thread_blocked, id=13135, stack(0x00007fb454c19000,0x00007fb454d1a000)]
  0x00007fb4685af800 JavaThread "C1 CompilerThread2" daemon [_thread_blocked, id=13134, stack(0x00007fb454d1a000,0x00007fb454e1b000)]
  0x00007fb4685ad800 JavaThread "C2 CompilerThread1" daemon [_thread_blocked, id=13133, stack(0x00007fb454e1b000,0x00007fb454f1c000)]
  0x00007fb4685ab800 JavaThread "C2 CompilerThread0" daemon [_thread_blocked, id=13132, stack(0x00007fb455133000,0x00007fb455234000)]
  0x00007fb4685aa000 JavaThread "Monitor Ctrl-Break" daemon [_thread_in_native, id=13131, stack(0x00007fb455234000,0x00007fb455335000)]
  0x00007fb468186800 JavaThread "Signal Dispatcher" daemon [_thread_blocked, id=13130, stack(0x00007fb455646000,0x00007fb455747000)]
  0x00007fb468153800 JavaThread "Finalizer" daemon [_thread_blocked, id=13121, stack(0x00007fb4557c9000,0x00007fb4558ca000)]
  0x00007fb46814e800 JavaThread "Reference Handler" daemon [_thread_blocked, id=13120, stack(0x00007fb4558ca000,0x00007fb4559cb000)]
  0x00007fb468012800 JavaThread "main" [_thread_blocked, id=13112, stack(0x00007fb46e807000,0x00007fb46e908000)]

Other Threads:
=>0x00007fb468147000 VMThread [stack: 0x00007fb4559cb000,0x00007fb455acc000] [id=13119]
  0x00007fb4686dc000 WatcherThread [stack: 0x00007fb413eff000,0x00007fb414000000] [id=13139]

VM state:at safepoint (normal execution)

VM Mutex/Monitor currently owned by a thread:  ([mutex/lock_event])
[0x00007fb468009e60] Threads_lock - owner thread: 0x00007fb468147000
[0x00007fb46800a360] Heap_lock - owner thread: 0x00007fb468012800

Heap:
 PSYoungGen      total 395264K, used 18428K [0x00000000d6d80000, 0x00000000f0180000, 0x0000000100000000)
  eden space 376832K, 0% used [0x00000000d6d80000,0x00000000d6d80000,0x00000000edd80000)
  from space 18432K, 99% used [0x00000000edd80000,0x00000000eef7f278,0x00000000eef80000)
  to   space 15360K, 0% used [0x00000000ef200000,0x00000000ef200000,0x00000000f0100000)
 ParOldGen       total 78336K, used 33319K [0x0000000084800000, 0x0000000089480000, 0x00000000d6d80000)
  object space 78336K, 42% used [0x0000000084800000,0x0000000086889c68,0x0000000089480000)
 Metaspace       used 44779K, capacity 45388K, committed 45784K, reserved 1089536K
  class space    used 5849K, capacity 6026K, committed 6144K, reserved 1048576K

Card table byte_map: [0x00007fb457e1c000,0x00007fb4581f9000] byte_map_base: 0x00007fb4579f8000

Marking Bits: (ParMarkBitMap*) 0x00007fb46db120c0
 Begin Bits: [0x00007fb444240000, 0x00007fb446120000)
 End Bits:   [0x00007fb446120000, 0x00007fb448000000)

Polling page: 0x00007fb46e93a000

CodeCache: size=245760Kb used=10154Kb max_used=10154Kb free=235605Kb
 bounds [0x00007fb4585b9000, 0x00007fb458fa9000, 0x00007fb4675b9000]
 total_blobs=5565 nmethods=5087 adapters=391
 compilation: enabled

Compilation events (10 events):
Event: 7,518 Thread 0x00007fb4685af800 5140       1       com.sun.beans.TypeResolver::prepare (237 bytes)
Event: 7,519 Thread 0x00007fb4685af800 nmethod 5140 0x00007fb458fa1c90 code [0x00007fb458fa1f40, 0x00007fb458fa2768]
Event: 7,537 Thread 0x00007fb4685af800 5141   !   1       com.sun.proxy.$Proxy49::hashCode (32 bytes)
Event: 7,537 Thread 0x00007fb4685af800 nmethod 5141 0x00007fb458fa2fd0 code [0x00007fb458fa3160, 0x00007fb458fa33f8]
Event: 7,566 Thread 0x00007fb4685af800 5142       1       org.springframework.core.env.MutablePropertySources::addLast (54 bytes)
Event: 7,566 Thread 0x00007fb4685af800 nmethod 5142 0x00007fb458fa3590 code [0x00007fb458fa3780, 0x00007fb458fa3d48]
Event: 7,581 Thread 0x00007fb4685af800 5143       1       ch.qos.logback.classic.spi.LoggingEvent::getThreadName (22 bytes)
Event: 7,581 Thread 0x00007fb4685af800 nmethod 5143 0x00007fb458fa4210 code [0x00007fb458fa4360, 0x00007fb458fa44b0]
Event: 7,582 Thread 0x00007fb4685af800 5144       1       ch.qos.logback.classic.spi.LoggingEvent::getFormattedMessage (53 bytes)
Event: 7,582 Thread 0x00007fb4685af800 nmethod 5144 0x00007fb458fa4550 code [0x00007fb458fa46e0, 0x00007fb458fa4908]

GC Heap History (10 events):
Event: 2,427 GC heap after
Heap after GC invocations=8 (full 0):
 PSYoungGen      total 267776K, used 4117K [0x00000000d6d80000, 0x00000000e8080000, 0x0000000100000000)
  eden space 253952K, 0% used [0x00000000d6d80000,0x00000000d6d80000,0x00000000e6580000)
  from space 13824K, 29% used [0x00000000e7300000,0x00000000e77054a0,0x00000000e8080000)
  to   space 13824K, 0% used [0x00000000e6580000,0x00000000e6580000,0x00000000e7300000)
 ParOldGen       total 84992K, used 14929K [0x0000000084800000, 0x0000000089b00000, 0x00000000d6d80000)
  object space 84992K, 17% used [0x0000000084800000,0x0000000085694570,0x0000000089b00000)
 Metaspace       used 20795K, capacity 21164K, committed 21248K, reserved 1067008K
  class space    used 2641K, capacity 2746K, committed 2816K, reserved 1048576K
}
Event: 2,427 GC heap before
{Heap before GC invocations=9 (full 1):
 PSYoungGen      total 267776K, used 4117K [0x00000000d6d80000, 0x00000000e8080000, 0x0000000100000000)
  eden space 253952K, 0% used [0x00000000d6d80000,0x00000000d6d80000,0x00000000e6580000)
  from space 13824K, 29% used [0x00000000e7300000,0x00000000e77054a0,0x00000000e8080000)
  to   space 13824K, 0% used [0x00000000e6580000,0x00000000e6580000,0x00000000e7300000)
 ParOldGen       total 84992K, used 14929K [0x0000000084800000, 0x0000000089b00000, 0x00000000d6d80000)
  object space 84992K, 17% used [0x0000000084800000,0x0000000085694570,0x0000000089b00000)
 Metaspace       used 20795K, capacity 21164K, committed 21248K, reserved 1067008K
  class space    used 2641K, capacity 2746K, committed 2816K, reserved 1048576K
Event: 2,504 GC heap after
Heap after GC invocations=9 (full 1):
 PSYoungGen      total 267776K, used 0K [0x00000000d6d80000, 0x00000000e8080000, 0x0000000100000000)
  eden space 253952K, 0% used [0x00000000d6d80000,0x00000000d6d80000,0x00000000e6580000)
  from space 13824K, 0% used [0x00000000e7300000,0x00000000e7300000,0x00000000e8080000)
  to   space 13824K, 0% used [0x00000000e6580000,0x00000000e6580000,0x00000000e7300000)
 ParOldGen       total 55296K, used 14306K [0x0000000084800000, 0x0000000087e00000, 0x00000000d6d80000)
  object space 55296K, 25% used [0x0000000084800000,0x00000000855f8ae8,0x0000000087e00000)
 Metaspace       used 20795K, capacity 21164K, committed 21248K, reserved 1067008K
  class space    used 2641K, capacity 2746K, committed 2816K, reserved 1048576K
}
Event: 4,135 GC heap before
{Heap before GC invocations=10 (full 1):
 PSYoungGen      total 267776K, used 253952K [0x00000000d6d80000, 0x00000000e8080000, 0x0000000100000000)
  eden space 253952K, 100% used [0x00000000d6d80000,0x00000000e6580000,0x00000000e6580000)
  from space 13824K, 0% used [0x00000000e7300000,0x00000000e7300000,0x00000000e8080000)
  to   space 13824K, 0% used [0x00000000e6580000,0x00000000e6580000,0x00000000e7300000)
 ParOldGen       total 55296K, used 14306K [0x0000000084800000, 0x0000000087e00000, 0x00000000d6d80000)
  object space 55296K, 25% used [0x0000000084800000,0x00000000855f8ae8,0x0000000087e00000)
 Metaspace       used 27245K, capacity 27704K, committed 28032K, reserved 1073152K
  class space    used 3499K, capacity 3628K, committed 3712K, reserved 1048576K
Event: 4,151 GC heap after
Heap after GC invocations=10 (full 1):
 PSYoungGen      total 267776K, used 12853K [0x00000000d6d80000, 0x00000000f0100000, 0x0000000100000000)
  eden space 253952K, 0% used [0x00000000d6d80000,0x00000000d6d80000,0x00000000e6580000)
  from space 13824K, 92% used [0x00000000e6580000,0x00000000e720d720,0x00000000e7300000)
  to   space 15360K, 0% used [0x00000000ef200000,0x00000000ef200000,0x00000000f0100000)
 ParOldGen       total 55296K, used 14314K [0x0000000084800000, 0x0000000087e00000, 0x00000000d6d80000)
  object space 55296K, 25% used [0x0000000084800000,0x00000000855faae8,0x0000000087e00000)
 Metaspace       used 27245K, capacity 27704K, committed 28032K, reserved 1073152K
  class space    used 3499K, capacity 3628K, committed 3712K, reserved 1048576K
}
Event: 5,111 GC heap before
{Heap before GC invocations=11 (full 1):
 PSYoungGen      total 267776K, used 181251K [0x00000000d6d80000, 0x00000000f0100000, 0x0000000100000000)
  eden space 253952K, 66% used [0x00000000d6d80000,0x00000000e11f3868,0x00000000e6580000)
  from space 13824K, 92% used [0x00000000e6580000,0x00000000e720d720,0x00000000e7300000)
  to   space 15360K, 0% used [0x00000000ef200000,0x00000000ef200000,0x00000000f0100000)
 ParOldGen       total 55296K, used 14314K [0x0000000084800000, 0x0000000087e00000, 0x00000000d6d80000)
  object space 55296K, 25% used [0x0000000084800000,0x00000000855faae8,0x0000000087e00000)
 Metaspace       used 34781K, capacity 35182K, committed 35416K, reserved 1079296K
  class space    used 4537K, capacity 4661K, committed 4736K, reserved 1048576K
Event: 5,128 GC heap after
Heap after GC invocations=11 (full 1):
 PSYoungGen      total 392192K, used 15328K [0x00000000d6d80000, 0x00000000f0180000, 0x0000000100000000)
  eden space 376832K, 0% used [0x00000000d6d80000,0x00000000d6d80000,0x00000000edd80000)
  from space 15360K, 99% used [0x00000000ef200000,0x00000000f00f8350,0x00000000f0100000)
  to   space 18432K, 0% used [0x00000000edd80000,0x00000000edd80000,0x00000000eef80000)
 ParOldGen       total 55296K, used 16406K [0x0000000084800000, 0x0000000087e00000, 0x00000000d6d80000)
  object space 55296K, 29% used [0x0000000084800000,0x00000000858059a8,0x0000000087e00000)
 Metaspace       used 34781K, capacity 35182K, committed 35416K, reserved 1079296K
  class space    used 4537K, capacity 4661K, committed 4736K, reserved 1048576K
}
Event: 5,128 GC heap before
{Heap before GC invocations=12 (full 2):
 PSYoungGen      total 392192K, used 15328K [0x00000000d6d80000, 0x00000000f0180000, 0x0000000100000000)
  eden space 376832K, 0% used [0x00000000d6d80000,0x00000000d6d80000,0x00000000edd80000)
  from space 15360K, 99% used [0x00000000ef200000,0x00000000f00f8350,0x00000000f0100000)
  to   space 18432K, 0% used [0x00000000edd80000,0x00000000edd80000,0x00000000eef80000)
 ParOldGen       total 55296K, used 16406K [0x0000000084800000, 0x0000000087e00000, 0x00000000d6d80000)
  object space 55296K, 29% used [0x0000000084800000,0x00000000858059a8,0x0000000087e00000)
 Metaspace       used 34781K, capacity 35182K, committed 35416K, reserved 1079296K
  class space    used 4537K, capacity 4661K, committed 4736K, reserved 1048576K
Event: 5,233 GC heap after
Heap after GC invocations=12 (full 2):
 PSYoungGen      total 392192K, used 0K [0x00000000d6d80000, 0x00000000f0180000, 0x0000000100000000)
  eden space 376832K, 0% used [0x00000000d6d80000,0x00000000d6d80000,0x00000000edd80000)
  from space 15360K, 0% used [0x00000000ef200000,0x00000000ef200000,0x00000000f0100000)
  to   space 18432K, 0% used [0x00000000edd80000,0x00000000edd80000,0x00000000eef80000)
 ParOldGen       total 78336K, used 29200K [0x0000000084800000, 0x0000000089480000, 0x00000000d6d80000)
  object space 78336K, 37% used [0x0000000084800000,0x0000000086484030,0x0000000089480000)
 Metaspace       used 34781K, capacity 35182K, committed 35416K, reserved 1079296K
  class space    used 4537K, capacity 4661K, committed 4736K, reserved 1048576K
}
Event: 7,597 GC heap before
{Heap before GC invocations=13 (full 2):
 PSYoungGen      total 392192K, used 376832K [0x00000000d6d80000, 0x00000000f0180000, 0x0000000100000000)
  eden space 376832K, 100% used [0x00000000d6d80000,0x00000000edd80000,0x00000000edd80000)
  from space 15360K, 0% used [0x00000000ef200000,0x00000000ef200000,0x00000000f0100000)
  to   space 18432K, 0% used [0x00000000edd80000,0x00000000edd80000,0x00000000eef80000)
 ParOldGen       total 78336K, used 29200K [0x0000000084800000, 0x0000000089480000, 0x00000000d6d80000)
  object space 78336K, 37% used [0x0000000084800000,0x0000000086484030,0x0000000089480000)
 Metaspace       used 44779K, capacity 45388K, committed 45784K, reserved 1089536K
  class space    used 5849K, capacity 6026K, committed 6144K, reserved 1048576K

Deoptimization events (0 events):
No events

Internal exceptions (10 events):
Event: 7,549 Thread 0x00007fb468012800 Exception <a 'java/lang/ClassNotFoundException': org/springframework/beans/factory/InitializingBeanCustomizer> (0x00000000ed5e7900) thrown at [/build/java8-openjdk/src/jdk8u-jdk8u131-b11/hotspot/src/share/vm/classfile/systemDictionary.cpp, line 210]
Event: 7,591 Thread 0x00007fb468012800 Exception <a 'java/lang/ClassNotFoundException': java/lang/ObjectCustomizer> (0x00000000edbf5ee8) thrown at [/build/java8-openjdk/src/jdk8u-jdk8u131-b11/hotspot/src/share/vm/classfile/systemDictionary.cpp, line 210]
Event: 7,591 Thread 0x00007fb468012800 Exception <a 'java/lang/ClassNotFoundException': org/springframework/security/web/authentication/session/AbstractSessionFixationProtectionStrategyCustomizer> (0x00000000edc24590) thrown at [/build/java8-openjdk/src/jdk8u-jdk8u131-b11/hotspot/src/share/vm/
Event: 7,592 Thread 0x00007fb468012800 Exception <a 'java/lang/ClassNotFoundException': org/springframework/security/web/authentication/session/ChangeSessionIdAuthenticationStrategyCustomizer> (0x00000000edc54270) thrown at [/build/java8-openjdk/src/jdk8u-jdk8u131-b11/hotspot/src/share/vm/clas
Event: 7,592 Thread 0x00007fb468012800 Exception <a 'java/lang/ClassNotFoundException': org/springframework/security/web/authentication/session/SessionAuthenticationStrategyCustomizer> (0x00000000edc83d48) thrown at [/build/java8-openjdk/src/jdk8u-jdk8u131-b11/hotspot/src/share/vm/classfile/sy
Event: 7,593 Thread 0x00007fb468012800 Exception <a 'java/lang/ClassNotFoundException': org/springframework/context/ApplicationEventPublisherAwareCustomizer> (0x00000000edca3880) thrown at [/build/java8-openjdk/src/jdk8u-jdk8u131-b11/hotspot/src/share/vm/classfile/systemDictionary.cpp, line 21
Event: 7,594 Thread 0x00007fb468012800 Exception <a 'java/lang/ClassNotFoundException': java/lang/ObjectCustomizer> (0x00000000edcc7568) thrown at [/build/java8-openjdk/src/jdk8u-jdk8u131-b11/hotspot/src/share/vm/classfile/systemDictionary.cpp, line 210]
Event: 7,594 Thread 0x00007fb468012800 Exception <a 'java/lang/ClassNotFoundException': org/springframework/security/web/authentication/session/CompositeSessionAuthenticationStrategyCustomizer> (0x00000000edcf46b8) thrown at [/build/java8-openjdk/src/jdk8u-jdk8u131-b11/hotspot/src/share/vm/cla
Event: 7,594 Thread 0x00007fb468012800 Exception <a 'java/lang/ClassNotFoundException': org/springframework/security/web/authentication/session/SessionAuthenticationStrategyCustomizer> (0x00000000edd1ec78) thrown at [/build/java8-openjdk/src/jdk8u-jdk8u131-b11/hotspot/src/share/vm/classfile/sy
Event: 7,597 Thread 0x00007fb468012800 Exception <a 'java/lang/ClassNotFoundException': java/lang/ObjectCustomizer> (0x00000000edd63030) thrown at [/build/java8-openjdk/src/jdk8u-jdk8u131-b11/hotspot/src/share/vm/classfile/systemDictionary.cpp, line 210]

Events (10 events):
Event: 7,595 loading class org/springframework/security/authentication/AnonymousAuthenticationProvider done
Event: 7,596 loading class java/lang/ObjectCustomizer
Event: 7,596 loading class java/lang/ObjectCustomizer done
Event: 7,597 loading class java/lang/ObjectCustomizer
Event: 7,597 loading class java/lang/ObjectCustomizer done
Event: 7,597 loading class org/springframework/security/authentication/AnonymousAuthenticationProviderCustomizer
Event: 7,597 loading class org/springframework/security/authentication/AnonymousAuthenticationProviderCustomizer done
Event: 7,597 loading class org/springframework/security/authentication/AnonymousAuthenticationProviderCustomizer
Event: 7,597 loading class org/springframework/security/authentication/AnonymousAuthenticationProviderCustomizer done
Event: 7,597 Executing VM operation: ParallelGCFailedAllocation


Dynamic libraries:
00400000-00401000 r-xp 00000000 08:06 3156407                            /usr/lib/jvm/java-8-openjdk/jre/bin/java
00600000-00601000 r--p 00000000 08:06 3156407                            /usr/lib/jvm/java-8-openjdk/jre/bin/java
00601000-00602000 rw-p 00001000 08:06 3156407                            /usr/lib/jvm/java-8-openjdk/jre/bin/java
01c82000-01ca3000 rw-p 00000000 00:00 0                                  [heap]
84800000-89480000 rw-p 00000000 00:00 0 
89480000-d6d80000 ---p 00000000 00:00 0 
d6d80000-f0180000 rw-p 00000000 00:00 0 
fae00000-100000000 ---p 00000000 00:00 0 
100000000-100600000 rw-p 00000000 00:00 0 
100600000-140000000 ---p 00000000 00:00 0 
7fb3e0000000-7fb3e0021000 rw-p 00000000 00:00 0 
7fb3e0021000-7fb3e4000000 ---p 00000000 00:00 0 
7fb3e4000000-7fb3e4021000 rw-p 00000000 00:00 0 
7fb3e4021000-7fb3e8000000 ---p 00000000 00:00 0 
7fb3e8000000-7fb3e8021000 rw-p 00000000 00:00 0 
7fb3e8021000-7fb3ec000000 ---p 00000000 00:00 0 
7fb3ec000000-7fb3ec021000 rw-p 00000000 00:00 0 
7fb3ec021000-7fb3f0000000 ---p 00000000 00:00 0 
7fb3f0000000-7fb3f04b8000 rw-p 00000000 00:00 0 
7fb3f04b8000-7fb3f4000000 ---p 00000000 00:00 0 
7fb3f4000000-7fb3f4021000 rw-p 00000000 00:00 0 
7fb3f4021000-7fb3f8000000 ---p 00000000 00:00 0 
7fb3f8000000-7fb3f8021000 rw-p 00000000 00:00 0 
7fb3f8021000-7fb3fc000000 ---p 00000000 00:00 0 
7fb3fc000000-7fb3fc121000 rw-p 00000000 00:00 0 
7fb3fc121000-7fb400000000 ---p 00000000 00:00 0 
7fb400000000-7fb400021000 rw-p 00000000 00:00 0 
7fb400021000-7fb404000000 ---p 00000000 00:00 0 
7fb404000000-7fb404040000 rw-p 00000000 00:00 0 
7fb404040000-7fb408000000 ---p 00000000 00:00 0 
7fb408000000-7fb408021000 rw-p 00000000 00:00 0 
7fb408021000-7fb40c000000 ---p 00000000 00:00 0 
7fb40c000000-7fb40c021000 rw-p 00000000 00:00 0 
7fb40c021000-7fb410000000 ---p 00000000 00:00 0 
7fb4114f5000-7fb4115b5000 rw-p 00000000 00:00 0 
7fb4115b5000-7fb4116f5000 ---p 00000000 00:00 0 
7fb4116f5000-7fb4118f5000 rw-p 00000000 00:00 0 
7fb4118f5000-7fb4118f8000 ---p 00000000 00:00 0 
7fb4118f8000-7fb4119f6000 rw-p 00000000 00:00 0 
7fb4119f6000-7fb4119f9000 ---p 00000000 00:00 0 
7fb4119f9000-7fb411af7000 rw-p 00000000 00:00 0 
7fb411af7000-7fb411afa000 ---p 00000000 00:00 0 
7fb411afa000-7fb411df8000 rw-p 00000000 00:00 0 
7fb411df8000-7fb411ff8000 rw-p 00000000 00:00 0 
7fb411ff8000-7fb411ffb000 ---p 00000000 00:00 0 
7fb411ffb000-7fb4122f9000 rw-p 00000000 00:00 0 
7fb4122f9000-7fb4124ef000 rw-p 00000000 00:00 0 
7fb4124ef000-7fb4124f9000 ---p 00000000 00:00 0 
7fb4124f9000-7fb4126f9000 rw-p 00000000 00:00 0 
7fb4126f9000-7fb4128f9000 rw-p 00000000 00:00 0 
7fb4128f9000-7fb4128fc000 ---p 00000000 00:00 0 
7fb4128fc000-7fb412bfa000 rw-p 00000000 00:00 0 
7fb412bfa000-7fb412dfa000 rw-p 00000000 00:00 0 
7fb412dfa000-7fb412ffa000 rw-p 00000000 00:00 0 
7fb412ffa000-7fb4131fa000 rw-p 00000000 00:00 0 
7fb4131fa000-7fb4131fd000 ---p 00000000 00:00 0 
7fb4131fd000-7fb4134fb000 rw-p 00000000 00:00 0 
7fb4134fb000-7fb4136fb000 rw-p 00000000 00:00 0 
7fb4136fb000-7fb4138fb000 rw-p 00000000 00:00 0 
7fb4138fb000-7fb413afb000 rw-p 00000000 00:00 0 
7fb413afb000-7fb413afe000 ---p 00000000 00:00 0 
7fb413afe000-7fb413bfc000 rw-p 00000000 00:00 0 
7fb413bfc000-7fb413bff000 ---p 00000000 00:00 0 
7fb413bff000-7fb413cfd000 rw-p 00000000 00:00 0 
7fb413cfd000-7fb413d00000 ---p 00000000 00:00 0 
7fb413d00000-7fb413dfe000 rw-p 00000000 00:00 0 
7fb413dfe000-7fb413e01000 ---p 00000000 00:00 0 
7fb413e01000-7fb413eff000 rw-p 00000000 00:00 0 
7fb413eff000-7fb413f00000 ---p 00000000 00:00 0 
7fb413f00000-7fb414000000 rw-p 00000000 00:00 0 
7fb414000000-7fb414021000 rw-p 00000000 00:00 0 
7fb414021000-7fb418000000 ---p 00000000 00:00 0 
7fb418000000-7fb418021000 rw-p 00000000 00:00 0 
7fb418021000-7fb41c000000 ---p 00000000 00:00 0 
7fb41c000000-7fb41c750000 rw-p 00000000 00:00 0 
7fb41c750000-7fb420000000 ---p 00000000 00:00 0 
7fb420000000-7fb420021000 rw-p 00000000 00:00 0 
7fb420021000-7fb424000000 ---p 00000000 00:00 0 
7fb424000000-7fb424056000 rw-p 00000000 00:00 0 
7fb424056000-7fb428000000 ---p 00000000 00:00 0 
7fb428000000-7fb428021000 rw-p 00000000 00:00 0 
7fb428021000-7fb42c000000 ---p 00000000 00:00 0 
7fb42c000000-7fb42c021000 rw-p 00000000 00:00 0 
7fb42c021000-7fb430000000 ---p 00000000 00:00 0 
7fb430000000-7fb430043000 rw-p 00000000 00:00 0 
7fb430043000-7fb434000000 ---p 00000000 00:00 0 
7fb434000000-7fb434021000 rw-p 00000000 00:00 0 
7fb434021000-7fb438000000 ---p 00000000 00:00 0 
7fb438000000-7fb438021000 rw-p 00000000 00:00 0 
7fb438021000-7fb43c000000 ---p 00000000 00:00 0 
7fb43c000000-7fb43c021000 rw-p 00000000 00:00 0 
7fb43c021000-7fb440000000 ---p 00000000 00:00 0 
7fb440000000-7fb440021000 rw-p 00000000 00:00 0 
7fb440021000-7fb444000000 ---p 00000000 00:00 0 
7fb444019000-7fb44403e000 r--p 00000000 08:06 2885873                    /usr/share/locale/pl/LC_MESSAGES/libc.mo
7fb44403e000-7fb444041000 ---p 00000000 00:00 0 
7fb444041000-7fb44413f000 rw-p 00000000 00:00 0 
7fb44413f000-7fb444142000 ---p 00000000 00:00 0 
7fb444142000-7fb448000000 rw-p 00000000 00:00 0 
7fb448000000-7fb448021000 rw-p 00000000 00:00 0 
7fb448021000-7fb44c000000 ---p 00000000 00:00 0 
7fb44c000000-7fb44c021000 rw-p 00000000 00:00 0 
7fb44c021000-7fb450000000 ---p 00000000 00:00 0 
7fb450000000-7fb450021000 rw-p 00000000 00:00 0 
7fb450021000-7fb454000000 ---p 00000000 00:00 0 
7fb454020000-7fb454023000 ---p 00000000 00:00 0 
7fb454023000-7fb454121000 rw-p 00000000 00:00 0 
7fb454121000-7fb454126000 r-xp 00000000 08:06 2887015                    /usr/lib/libnss_dns-2.25.so
7fb454126000-7fb454325000 ---p 00005000 08:06 2887015                    /usr/lib/libnss_dns-2.25.so
7fb454325000-7fb454326000 r--p 00004000 08:06 2887015                    /usr/lib/libnss_dns-2.25.so
7fb454326000-7fb454327000 rw-p 00005000 08:06 2887015                    /usr/lib/libnss_dns-2.25.so
7fb454327000-7fb454368000 r-xp 00000000 08:06 2895240                    /usr/lib/libnss_resolve.so.2
7fb454368000-7fb45436b000 r--p 00040000 08:06 2895240                    /usr/lib/libnss_resolve.so.2
7fb45436b000-7fb45436c000 rw-p 00043000 08:06 2895240                    /usr/lib/libnss_resolve.so.2
7fb45436c000-7fb45436d000 rw-p 00000000 00:00 0 
7fb45436d000-7fb454371000 r-xp 00000000 08:06 2895123                    /usr/lib/libcap.so.2.25
7fb454371000-7fb454570000 ---p 00004000 08:06 2895123                    /usr/lib/libcap.so.2.25
7fb454570000-7fb454571000 rw-p 00003000 08:06 2895123                    /usr/lib/libcap.so.2.25
7fb454571000-7fb454584000 r-xp 00000000 08:06 2887023                    /usr/lib/libresolv-2.25.so
7fb454584000-7fb454783000 ---p 00013000 08:06 2887023                    /usr/lib/libresolv-2.25.so
7fb454783000-7fb454784000 r--p 00012000 08:06 2887023                    /usr/lib/libresolv-2.25.so
7fb454784000-7fb454785000 rw-p 00013000 08:06 2887023                    /usr/lib/libresolv-2.25.so
7fb454785000-7fb454787000 rw-p 00000000 00:00 0 
7fb454787000-7fb4547c8000 r-xp 00000000 08:06 2895239                    /usr/lib/libnss_mymachines.so.2
7fb4547c8000-7fb4547cb000 r--p 00040000 08:06 2895239                    /usr/lib/libnss_mymachines.so.2
7fb4547cb000-7fb4547cc000 rw-p 00043000 08:06 2895239                    /usr/lib/libnss_mymachines.so.2
7fb4547cc000-7fb4547cd000 rw-p 00000000 00:00 0 
7fb4547ce000-7fb4547d3000 r--s 002f9000 08:06 3156431                    /usr/lib/jvm/java-8-openjdk/jre/lib/charsets.jar
7fb4547d3000-7fb4547dd000 r--s 00116000 08:06 3156448                    /usr/lib/jvm/java-8-openjdk/jre/lib/ext/localedata.jar
7fb4547dd000-7fb4547f9000 r--s 00393000 08:06 3156452                    /usr/lib/jvm/java-8-openjdk/jre/lib/ext/cldrdata.jar
7fb4547f9000-7fb4547fe000 r--s 0009a000 08:06 3156424                    /usr/lib/jvm/java-8-openjdk/jre/lib/jsse.jar
7fb4547fe000-7fb45480f000 r-xp 00000000 08:06 3156481                    /usr/lib/jvm/java-8-openjdk/jre/lib/amd64/libnio.so
7fb45480f000-7fb454a0e000 ---p 00011000 08:06 3156481                    /usr/lib/jvm/java-8-openjdk/jre/lib/amd64/libnio.so
7fb454a0e000-7fb454a0f000 r--p 00010000 08:06 3156481                    /usr/lib/jvm/java-8-openjdk/jre/lib/amd64/libnio.so
7fb454a0f000-7fb454a10000 rw-p 00011000 08:06 3156481                    /usr/lib/jvm/java-8-openjdk/jre/lib/amd64/libnio.so
7fb454a10000-7fb454a18000 r-xp 00000000 08:06 3156488                    /usr/lib/jvm/java-8-openjdk/jre/lib/amd64/libmanagement.so
7fb454a18000-7fb454c17000 ---p 00008000 08:06 3156488                    /usr/lib/jvm/java-8-openjdk/jre/lib/amd64/libmanagement.so
7fb454c17000-7fb454c18000 r--p 00007000 08:06 3156488                    /usr/lib/jvm/java-8-openjdk/jre/lib/amd64/libmanagement.so
7fb454c18000-7fb454c19000 rw-p 00008000 08:06 3156488                    /usr/lib/jvm/java-8-openjdk/jre/lib/amd64/libmanagement.so
7fb454c19000-7fb454c1c000 ---p 00000000 00:00 0 
7fb454c1c000-7fb454d1a000 rw-p 00000000 00:00 0 
7fb454d1a000-7fb454d1d000 ---p 00000000 00:00 0 
7fb454d1d000-7fb454e1b000 rw-p 00000000 00:00 0 
7fb454e1b000-7fb454e1e000 ---p 00000000 00:00 0 
7fb454e1e000-7fb454f1c000 rw-p 00000000 00:00 0 
7fb454f1c000-7fb454f32000 r-xp 00000000 08:06 3156473                    /usr/lib/jvm/java-8-openjdk/jre/lib/amd64/libnet.so
7fb454f32000-7fb455131000 ---p 00016000 08:06 3156473                    /usr/lib/jvm/java-8-openjdk/jre/lib/amd64/libnet.so
7fb455131000-7fb455132000 r--p 00015000 08:06 3156473                    /usr/lib/jvm/java-8-openjdk/jre/lib/amd64/libnet.so
7fb455132000-7fb455133000 rw-p 00016000 08:06 3156473                    /usr/lib/jvm/java-8-openjdk/jre/lib/amd64/libnet.so
7fb455133000-7fb455136000 ---p 00000000 00:00 0 
7fb455136000-7fb455234000 rw-p 00000000 00:00 0 
7fb455234000-7fb455237000 ---p 00000000 00:00 0 
7fb455237000-7fb455335000 rw-p 00000000 00:00 0 
7fb455335000-7fb455337000 r--s 0001a000 08:06 2500646                    /opt/idea/lib/idea_rt.jar
7fb455337000-7fb455366000 r--s 00226000 08:08 880                        /home/intelcan/.gradle/caches/modules-2/files-2.1/com.google.guava/guava/20.0/89507701249388e1ed5ddcf8c41f4ce1be7831ef/guava-20.0.jar
7fb455366000-7fb455369000 r--s 0001d000 08:08 878                        /home/intelcan/.gradle/caches/modules-2/files-2.1/org.reflections/reflections/0.9.11/4c686033d918ec1727e329b7222fcb020152e32b/reflections-0.9.11.jar
7fb455369000-7fb45536e000 r--s 00026000 08:08 876                        /home/intelcan/.gradle/caches/modules-2/files-2.1/io.springfox/springfox-spring-web/2.7.0/a54be5572b6b5210f6892e13d6b136dde5e96bf6/springfox-spring-web-2.7.0.jar
7fb45536e000-7fb455378000 r--s 00069000 08:08 3277352                    /home/intelcan/.gradle/caches/modules-2/files-2.1/ch.qos.logback/logback-core/1.1.7/7873092d39ef741575ca91378a6a21c388363ac8/logback-core-1.1.7.jar
7fb455378000-7fb455381000 r--s 0002d000 08:08 3277350                    /home/intelcan/.gradle/caches/modules-2/files-2.1/xml-apis/xml-apis/1.4.01/3789d9fada2d3d458c4ba2de349d48780f381ee3/xml-apis-1.4.01.jar
7fb455381000-7fb455382000 r--s 00009000 08:08 3277348                    /home/intelcan/.gradle/caches/modules-2/files-2.1/org.apache.tomcat/tomcat-juli/8.5.4/d4312ba583aa62f08a0b22beddc816a2da419d4c/tomcat-juli-8.5.4.jar
7fb455382000-7fb4553bd000 r--s 00270000 08:08 874                        /home/intelcan/.gradle/caches/modules-2/files-2.1/net.bytebuddy/byte-buddy/1.6.14/871c3e49dc6183d0d361601c2f1d11abb1a6b48c/byte-buddy-1.6.14.jar
7fb4553bd000-7fb4553bf000 r--s 00004000 08:08 3277346                    /home/intelcan/.gradle/caches/modules-2/files-2.1/org.slf4j/log4j-over-slf4j/1.7.21/b3700d97464d99bdcd42c0177d6e7951c94d75ff/log4j-over-slf4j-1.7.21.jar
7fb4553bf000-7fb4553c1000 r--s 00000000 08:08 3277344                    /home/intelcan/.gradle/caches/modules-2/files-2.1/org.slf4j/jul-to-slf4j/1.7.21/2f22c882ffa479d1e9ff4eb0e8e2c29f2a0871ed/jul-to-slf4j-1.7.21.jar
7fb4553c1000-7fb4553c8000 r--s 00044000 08:08 3277342                    /home/intelcan/.gradle/caches/modules-2/files-2.1/ch.qos.logback/logback-classic/1.1.7/9865cf6994f9ff13fce0bf93f2054ef6c65bb462/logback-classic-1.1.7.jar
7fb4553c8000-7fb4553cf000 r--s 00056000 08:08 4597686                    /home/intelcan/.gradle/caches/modules-2/files-2.1/org.apache.commons/commons-compress/1.9/cc18955ff1e36d5abd39a14bfe82b19154330a34/commons-compress-1.9.jar
7fb4553cf000-7fb4553da000 r--s 00051000 08:08 3277340                    /home/intelcan/.gradle/caches/modules-2/files-2.1/org.springframework.security/spring-security-core/4.1.1.RELEASE/238b789b01ebfe20944bd5e011f548f2f2319844/spring-security-core-4.1.1.RELEASE.jar
7fb4553da000-7fb4553dc000 r--s 0000e000 08:08 3154308                    /home/intelcan/.gradle/caches/modules-2/files-2.1/javax.activation/activation/1.1/e6cb541461c2834bdea3eb920f1884d1eb508b50/activation-1.1.jar
7fb4553dc000-7fb4553de000 r--s 00003000 08:08 3277338                    /home/intelcan/.gradle/caches/modules-2/files-2.1/org.slf4j/jcl-over-slf4j/1.7.21/331b564a3a42f002a0004b039c1c430da89062cd/jcl-over-slf4j-1.7.21.jar
7fb4553de000-7fb4553e6000 r--s 0003a000 08:08 3277334                    /home/intelcan/.gradle/caches/modules-2/files-2.1/org.springframework/spring-tx/4.3.2.RELEASE/dd75075485ddebb1f912102527ff91c4bfbae903/spring-tx-4.3.2.RELEASE.jar
7fb4553e6000-7fb4553f0000 r--s 0006b000 08:08 3277332                    /home/intelcan/.gradle/caches/modules-2/files-2.1/org.springframework/spring-orm/4.3.2.RELEASE/1afea599c72aef7362b469a5b322e3e7e37d0dfc/spring-orm-4.3.2.RELEASE.jar
7fb4553f0000-7fb455401000 r--s 00098000 08:08 3277330                    /home/intelcan/.gradle/caches/modules-2/files-2.1/org.springframework.data/spring-data-commons/1.12.2.RELEASE/a827ed936b8685c19eecda0abb86fb86193ddffc/spring-data-commons-1.12.2.RELEASE.jar
7fb455401000-7fb455404000 r--s 00010000 08:08 3277328                    /home/intelcan/.gradle/caches/modules-2/files-2.1/org.hibernate.common/hibernate-commons-annotations/5.0.1.Final/71e1cff3fcb20d3b3af4f3363c3ddb24d33c6879/hibernate-commons-annotations-5.0.1.Final.jar
7fb455404000-7fb455409000 r--s 00048000 08:08 3277326                    /home/intelcan/.gradle/caches/modules-2/files-2.1/dom4j/dom4j/1.6.1/5d3ccc056b6f056dbf0dddfdf43894b9065a8f94/dom4j-1.6.1.jar
7fb455409000-7fb45540c000 r--s 0002b000 08:08 3277324                    /home/intelcan/.gradle/caches/modules-2/files-2.1/org.jboss/jandex/2.0.0.Final/3e899258936f94649c777193e1be846387ed54b3/jandex-2.0.0.Final.jar
7fb45540c000-7fb455411000 r--s 00068000 08:08 3277322                    /home/intelcan/.gradle/caches/modules-2/files-2.1/antlr/antlr/2.7.7/83cd2cd674a217ade95a4bb83a8a14f351f48bd0/antlr-2.7.7.jar
7fb455411000-7fb45541b000 r--s 000ae000 08:08 3277320                    /home/intelcan/.gradle/caches/modules-2/files-2.1/org.javassist/javassist/3.20.0-GA/a9cbcdfb7e9f86fbc74d3afae65f2248bfbf82a0/javassist-3.20.0-GA.jar
7fb45541b000-7fb455420000 r--s 00017000 08:08 3277318                    /home/intelcan/.gradle/caches/modules-2/files-2.1/org.hibernate.javax.persistence/hibernate-jpa-2.1-api/1.0.0.Final/5e731d961297e5a07290bfaf3db1fbc8bbbf405a/hibernate-jpa-2.1-api-1.0.0.Final.jar
7fb455420000-7fb45542a000 r--s 0005f000 08:08 3277316                    /home/intelcan/.gradle/caches/modules-2/files-2.1/org.springframework/spring-jdbc/4.3.2.RELEASE/d60bd9daf7d819c72e6a27fad16c4683b2e7df11/spring-jdbc-4.3.2.RELEASE.jar
7fb45542a000-7fb45542d000 r--s 0001f000 08:08 3277314                    /home/intelcan/.gradle/caches/modules-2/files-2.1/org.apache.tomcat/tomcat-jdbc/8.5.4/bebaa475e69c649dcd9616bd204712cfd8551321/tomcat-jdbc-8.5.4.jar
7fb45542d000-7fb455446000 r--s 001af000 08:08 3277312                    /home/intelcan/.gradle/caches/modules-2/files-2.1/org.aspectj/aspectjweaver/1.8.9/db28774f477f07220eac18d5ec9c4e01f48589d7/aspectjweaver-1.8.9.jar
7fb455446000-7fb45544a000 r--s 00017000 08:08 872                        /home/intelcan/.gradle/caches/modules-2/files-2.1/io.springfox/springfox-core/2.7.0/f3e6d1cf5170b4b56ee0a00c1b3b05221f2ecb96/springfox-core-2.7.0.jar
7fb45544a000-7fb45544f000 r--s 0003c000 08:08 3277310                    /home/intelcan/.gradle/caches/modules-2/files-2.1/org.springframework/spring-expression/4.3.2.RELEASE/7676acd4dde9d186b7f882edce3131dc62dcb590/spring-expression-4.3.2.RELEASE.jar
7fb45544f000-7fb45545c000 r--s 000ac000 08:08 3277306                    /home/intelcan/.gradle/caches/modules-2/files-2.1/org.springframework/spring-beans/4.3.2.RELEASE/9e87f48f65a33a017f2dd027911947a28be29f93/spring-beans-4.3.2.RELEASE.jar
7fb45545c000-7fb455460000 r--s 00041000 08:08 3277304                    /home/intelcan/.gradle/caches/modules-2/files-2.1/com.fasterxml.jackson.core/jackson-core/2.8.1/fd13b1c033741d48291315c6370f7d475a42dccf/jackson-core-2.8.1.jar
7fb455460000-7fb455463000 r--s 0000b000 08:08 3277302                    /home/intelcan/.gradle/caches/modules-2/files-2.1/com.fasterxml.jackson.core/jackson-annotations/2.8.1/4465fda9834ab27eac2a76f9a378738d15a9b4fa/jackson-annotations-2.8.1.jar
7fb455463000-7fb455465000 r--s 0000f000 08:08 3277298                    /home/intelcan/.gradle/caches/modules-2/files-2.1/org.jboss.logging/jboss-logging/3.3.0.Final/3616bb87707910296e2c195dc016287080bba5af/jboss-logging-3.3.0.Final.jar
7fb455465000-7fb455469000 r--s 0000c000 08:08 3277296                    /home/intelcan/.gradle/caches/modules-2/files-2.1/javax.validation/validation-api/1.1.0.Final/8613ae82954779d518631e05daa73a6a954817d5/validation-api-1.1.0.Final.jar
7fb455469000-7fb45546e000 r--s 00036000 08:08 3277294                    /home/intelcan/.gradle/caches/modules-2/files-2.1/org.apache.tomcat.embed/tomcat-embed-websocket/8.5.4/211d26f536aee3283345aa5b1c479e937401fcd2/tomcat-embed-websocket-8.5.4.jar
7fb45546e000-7fb455473000 r--s 00036000 08:08 3277292                    /home/intelcan/.gradle/caches/modules-2/files-2.1/org.apache.tomcat.embed/tomcat-embed-el/8.5.4/2d53f2e3b6b456cb7ac82e1549a944db7f5b05bf/tomcat-embed-el-8.5.4.jar
7fb455473000-7fb45549c000 r--s 002af000 08:08 3146749                    /home/intelcan/.gradle/caches/modules-2/files-2.1/org.apache.tomcat.embed/tomcat-embed-core/8.5.4/48ee085e4b3f71e98535e4c17c0ce1394812a94a/tomcat-embed-core-8.5.4.jar
7fb45549c000-7fb4554a2000 r--s 0003d000 08:08 3277290                    /home/intelcan/.gradle/caches/modules-2/files-2.1/org.yaml/snakeyaml/1.17/7a27ea250c5130b2922b86dea63cbb1cc10a660c/snakeyaml-1.17.jar
7fb4554a2000-7fb4554b9000 r--s 000f9000 08:08 3146195                    /home/intelcan/.gradle/caches/modules-2/files-2.1/org.springframework/spring-core/4.3.2.RELEASE/fd2f3cf45d3c84f293cb7ee3ab7d24c979495552/spring-core-4.3.2.RELEASE.jar
7fb4554b9000-7fb4554ba000 r--s 00000000 08:08 3277288                    /home/intelcan/.gradle/caches/modules-2/files-2.1/org.springframework.boot/spring-boot-starter-logging/1.4.0.RELEASE/53303110c92c921e09e1c9bc8b9bf4c1935c2f12/spring-boot-starter-logging-1.4.0.RELEASE.jar
7fb4554ba000-7fb4554d7000 r--s 000c7000 08:08 3277286                    /home/intelcan/.gradle/caches/modules-2/files-2.1/org.springframework.boot/spring-boot-autoconfigure/1.4.0.RELEASE/9fa1ac16ac6fd96d7df2c72b55ba9814be082ffc/spring-boot-autoconfigure-1.4.0.RELEASE.jar
7fb4554d7000-7fb4554e6000 r--s 0008f000 08:08 3277284                    /home/intelcan/.gradle/caches/modules-2/files-2.1/org.springframework.boot/spring-boot/1.4.0.RELEASE/3b4ea475b40eb9dc966fb3c650c97bfabb988f9/spring-boot-1.4.0.RELEASE.jar
7fb4554e6000-7fb4554e8000 r--s 00006000 08:08 4605451                    /home/intelcan/.gradle/caches/modules-2/files-2.1/org.webjars/webjars-locator-core/0.30/e2ae00945e98c8c429471d2d643ad2030ba90e19/webjars-locator-core-0.30.jar
7fb4554e8000-7fb4554f1000 r--s 00065000 08:08 4605450                    /home/intelcan/.gradle/caches/modules-2/files-2.1/org.springframework/spring-websocket/4.3.2.RELEASE/68ce42db2f886df42995b3dd8cebab40223603c7/spring-websocket-4.3.2.RELEASE.jar
7fb4554f1000-7fb4554fb000 r--s 00054000 08:08 4343492                    /home/intelcan/.gradle/caches/modules-2/files-2.1/org.springframework/spring-messaging/4.3.2.RELEASE/7937cb22226ac70526f2c376d2f976403d99ddae/spring-messaging-4.3.2.RELEASE.jar
7fb4554fb000-7fb455505000 r--s 0004e000 08:08 3277282                    /home/intelcan/.gradle/caches/modules-2/files-2.1/org.springframework.security/spring-security-web/4.1.1.RELEASE/b4c912edc0c437f24e96db587848d856605734e2/spring-security-web-4.1.1.RELEASE.jar
7fb455505000-7fb45550e000 r--s 0007a000 08:08 3277280                    /home/intelcan/.gradle/caches/modules-2/files-2.1/org.springframework.security/spring-security-config/4.1.1.RELEASE/3616b49db81527d69d2bf3d9ad6b0fa899d1080d/spring-security-config-4.1.1.RELEASE.jar
7fb45550e000-7fb455517000 r--s 00054000 08:08 3277278                    /home/intelcan/.gradle/caches/modules-2/files-2.1/org.springframework/spring-aop/4.3.2.RELEASE/caef216e995f565dd4ab165ec5918ff44487615d/spring-aop-4.3.2.RELEASE.jar
7fb455517000-7fb455520000 r--s 0008b000 08:08 3154307                    /home/intelcan/.gradle/caches/modules-2/files-2.1/com.sun.mail/javax.mail/1.5.5/ffcd34b5de820f35bcc9303649cf6ab2c65ad44e/javax.mail-1.5.5.jar
7fb455520000-7fb455525000 r--s 00029000 08:08 3154306                    /home/intelcan/.gradle/caches/modules-2/files-2.1/org.springframework/spring-context-support/4.3.2.RELEASE/bf6e7cdb1dd25f5d9fbe76dc4fb01fec7b92af2e/spring-context-support-4.3.2.RELEASE.jar
7fb455525000-7fb45553e000 r--s 000fc000 08:08 3277308                    /home/intelcan/.gradle/caches/modules-2/files-2.1/org.springframework/spring-context/4.3.2.RELEASE/e52782b824e097c3b1586b497fc6be0e95020770/spring-context-4.3.2.RELEASE.jar
7fb45553e000-7fb455541000 r--s 0000c000 08:08 3277276                    /home/intelcan/.gradle/caches/modules-2/files-2.1/org.springframework/spring-aspects/4.3.2.RELEASE/bdb8ccdfd7e52c6e7b9a187327b1be04e0e2ac1f/spring-aspects-4.3.2.RELEASE.jar
7fb455541000-7fb455548000 r--s 0003d000 08:08 3277274                    /home/intelcan/.gradle/caches/modules-2/files-2.1/org.springframework.data/spring-data-jpa/1.10.2.RELEASE/5da5131a02365790d38469cd3bae778e4891daff/spring-data-jpa-1.10.2.RELEASE.jar
7fb455548000-7fb45554a000 r--s 00006000 08:08 3277272                    /home/intelcan/.gradle/caches/modules-2/files-2.1/javax.transaction/javax.transaction-api/1.2/d81aff979d603edd90dcd8db2abc1f4ce6479e3e/javax.transaction-api-1.2.jar
7fb45554a000-7fb455557000 r--s 00088000 08:08 3277270                    /home/intelcan/.gradle/caches/modules-2/files-2.1/org.hibernate/hibernate-entitymanager/5.0.9.Final/9eed86e58baf4a3fb9d5156cf03e59051e2bc6c5/hibernate-entitymanager-5.0.9.Final.jar
7fb455557000-7fb4555c1000 r--s 004ed000 08:08 3277268                    /home/intelcan/.gradle/caches/modules-2/files-2.1/org.hibernate/hibernate-core/5.0.9.Final/7e06db0b4365876419daafc9b40c9088ba40f64d/hibernate-core-5.0.9.Final.jar
7fb4555c1000-7fb4555c2000 r--s 00000000 08:08 3277266                    /home/intelcan/.gradle/caches/modules-2/files-2.1/org.springframework.boot/spring-boot-starter-jdbc/1.4.0.RELEASE/46ab1fc323e5e6483ee94c1c17d20b3fadb42fa4/spring-boot-starter-jdbc-1.4.0.RELEASE.jar
7fb4555c2000-7fb4555c3000 r--s 00000000 08:08 3277264                    /home/intelcan/.gradle/caches/modules-2/files-2.1/org.springframework.boot/spring-boot-starter-aop/1.4.0.RELEASE/68109cfdd0e86e301528f3722e28f6c98f0b7d5e/spring-boot-starter-aop-1.4.0.RELEASE.jar
7fb4555c3000-7fb4555c5000 r--s 00003000 08:08 870                        /home/intelcan/.gradle/caches/modules-2/files-2.1/org.mapstruct/mapstruct/1.1.0.Final/65b81fa5234e1fd8461b77bbccee7b9ebc0bbbb2/mapstruct-1.1.0.Final.jar
7fb4555c5000-7fb4555c7000 r--s 00000000 08:08 868                        /home/intelcan/.gradle/caches/modules-2/files-2.1/org.springframework.plugin/spring-plugin-metadata/1.2.0.RELEASE/97223fc496b6cab31602eedbd4202aa4fff0d44f/spring-plugin-metadata-1.2.0.RELEASE.jar
7fb4555c7000-7fb4555c8000 r--s 00004000 08:08 866                        /home/intelcan/.gradle/caches/modules-2/files-2.1/org.springframework.plugin/spring-plugin-core/1.2.0.RELEASE/f380e7760032e7d929184f8ad8a33716b75c0657/spring-plugin-core-1.2.0.RELEASE.jar
7fb4555c8000-7fb4555ca000 r--s 00009000 08:08 3277336                    /home/intelcan/.gradle/caches/modules-2/files-2.1/org.slf4j/slf4j-api/1.7.21/139535a69a4239db087de9bab0bee568bf8e0b70/slf4j-api-1.7.21.jar
7fb4555ca000-7fb4555cc000 r--s 0000e000 08:08 3277300                    /home/intelcan/.gradle/caches/modules-2/files-2.1/com.fasterxml/classmate/1.3.1/2ad2fd09dcf5607ca96f8ef432096a96986c40a/classmate-1.3.1.jar
7fb4555cc000-7fb4555cf000 r--s 00013000 08:08 864                        /home/intelcan/.gradle/caches/modules-2/files-2.1/io.springfox/springfox-swagger-common/2.7.0/5a632aecc733753887f90592382fa271e546062a/springfox-swagger-common-2.7.0.jar
7fb4555cf000-7fb4555d2000 r--s 00010000 08:08 862                        /home/intelcan/.gradle/caches/modules-2/files-2.1/io.springfox/springfox-schema/2.7.0/aab297a6781e829b9d6bac514a4dc860966c3c8d/springfox-schema-2.7.0.jar
7fb4555d2000-7fb4555d5000 r--s 0000a000 08:08 860                        /home/intelcan/.gradle/caches/modules-2/files-2.1/io.springfox/springfox-spi/2.7.0/dab14edcb863dd506278dc950908b4f684e93b7/springfox-spi-2.7.0.jar
7fb4555d5000-7fb4555d8000 r--s 00020000 08:08 858                        /home/intelcan/.gradle/caches/modules-2/files-2.1/io.swagger/swagger-models/1.5.13/571a0046f35f9dac569a1870465248595e33ccdb/swagger-models-1.5.13.jar
7fb4555d8000-7fb4555da000 r--s 00004000 08:08 856                        /home/intelcan/.gradle/caches/modules-2/files-2.1/io.swagger/swagger-annotations/1.5.13/72433c890a61a876d22063e269be421c810a1a8d/swagger-annotations-1.5.13.jar
7fb4555da000-7fb4555ec000 r--s 000ce000 08:08 3277262                    /home/intelcan/.gradle/caches/modules-2/files-2.1/org.springframework/spring-webmvc/4.3.2.RELEASE/99b68a8aca2ed67ad523e7341a90dd1c90fd669e/spring-webmvc-4.3.2.RELEASE.jar
7fb4555ec000-7fb4555fe000 r--s 000b5000 08:08 3277260                    /home/intelcan/.gradle/caches/modules-2/files-2.1/org.springframework/spring-web/4.3.2.RELEASE/562b3b775b6e8e7113b5d23b21946f939658bd19/spring-web-4.3.2.RELEASE.jar
7fb4555fe000-7fb455610000 r--s 0011b000 08:08 3277258                    /home/intelcan/.gradle/caches/modules-2/files-2.1/com.fasterxml.jackson.core/jackson-databind/2.8.1/c04eb2cc599cd1742889bfa7cc41878db0d152f5/jackson-databind-2.8.1.jar
7fb455610000-7fb455620000 r--s 0009c000 08:08 3277256                    /home/intelcan/.gradle/caches/modules-2/files-2.1/org.hibernate/hibernate-validator/5.2.4.Final/fb18766b576aa6632bcfe9a20a023cbd52bf9769/hibernate-validator-5.2.4.Final.jar
7fb455620000-7fb455621000 r--s 00000000 08:08 3277254                    /home/intelcan/.gradle/caches/modules-2/files-2.1/org.springframework.boot/spring-boot-starter-tomcat/1.4.0.RELEASE/9f3530cbc1998b9aeebd0a5c070f5d4f24357610/spring-boot-starter-tomcat-1.4.0.RELEASE.jar
7fb455621000-7fb455622000 r--s 00000000 08:08 3277252                    /home/intelcan/.gradle/caches/modules-2/files-2.1/org.springframework.boot/spring-boot-starter/1.4.0.RELEASE/9eb9be27958cc17de9673a6fbbdaf16fb65a7fdc/spring-boot-starter-1.4.0.RELEASE.jar
7fb455622000-7fb455623000 r--s 0001c000 08:08 4204516                    /home/intelcan/.gradle/caches/modules-2/files-2.1/org.webjars/sockjs-client/1.0.2/38abdad784d10a7fd9e25af81bdf47016e8ee50d/sockjs-client-1.0.2.jar
7fb455623000-7fb455624000 r--s 00003000 08:08 3953189                    /home/intelcan/.gradle/caches/modules-2/files-2.1/org.webjars/webjars-locator/0.32/950f7362dc70736b80681037b81df1148a64a04a/webjars-locator-0.32.jar
7fb455624000-7fb455625000 r--s 00000000 08:08 2117238                    /home/intelcan/.gradle/caches/modules-2/files-2.1/org.springframework.boot/spring-boot-starter-websocket/1.4.0.RELEASE/ed02dc6fc0fc41f6420f639774fd7fa379f4a63b/spring-boot-starter-websocket-1.4.0.RELEASE.jar
7fb455625000-7fb455629000 r--s 0002f000 08:08 4211928                    /home/intelcan/.gradle/caches/modules-2/files-2.1/commons-io/commons-io/2.5/2852e6e05fbb95076fc091f6d1780f1f8fe35e0f/commons-io-2.5.jar
7fb455629000-7fb455630000 r--s 00064000 08:08 3674686                    /home/intelcan/.gradle/caches/modules-2/files-2.1/org.apache.commons/commons-lang3/3.4/5fe28b9518e58819180a43a850fbc0dd24b7c050/commons-lang3-3.4.jar
7fb455630000-7fb455633000 r--s 00017000 08:08 3277248                    /home/intelcan/.gradle/caches/modules-2/files-2.1/io.jsonwebtoken/jjwt/0.6.0/3c8a7897b9ca31c83d3dd364be7f75ce5cd417d7/jjwt-0.6.0.jar
7fb455633000-7fb455634000 r--s 00000000 08:08 3277246                    /home/intelcan/.gradle/caches/modules-2/files-2.1/org.springframework.boot/spring-boot-starter-security/1.4.1.RELEASE/cc92d99db7f227f843ea9be15ffc8ddb3de03e07/spring-boot-starter-security-1.4.1.RELEASE.jar
7fb455634000-7fb45563a000 r--s 00081000 08:08 3146747                    /home/intelcan/.gradle/caches/modules-2/files-2.1/postgresql/postgresql/9.1-901-1.jdbc4/9bfabe48876ec38f6cbaa6931bad05c64a9ea942/postgresql-9.1-901-1.jdbc4.jar
7fb45563a000-7fb45563b000 r--s 00000000 08:08 3154305                    /home/intelcan/.gradle/caches/modules-2/files-2.1/org.springframework.boot/spring-boot-starter-mail/1.5.3.RELEASE/f6f5d95f49bdbc36088cf5f7e7c02320b6fdad18/spring-boot-starter-mail-1.5.3.RELEASE.jar
7fb45563b000-7fb45563c000 r--s 00000000 08:08 3146745                    /home/intelcan/.gradle/caches/modules-2/files-2.1/org.springframework.boot/spring-boot-starter-data-jpa/1.4.0.RELEASE/d373fd566589910cdde69ca3b9de79c433eb29dd/spring-boot-starter-data-jpa-1.4.0.RELEASE.jar
7fb45563c000-7fb45563f000 r--s 0000d000 08:08 854                        /home/intelcan/.gradle/caches/modules-2/files-2.1/io.springfox/springfox-swagger2/2.7.0/dd28b7ce26af1209d6ef19f5f24a8c23b41ca6fc/springfox-swagger2-2.7.0.jar
7fb45563f000-7fb455641000 r--s 0006e000 08:08 852                        /home/intelcan/.gradle/caches/modules-2/files-2.1/io.springfox/springfox-swagger-ui/2.6.1/4c854c86c91ab36c86fc1a63571a0614c2ea9ab2/springfox-swagger-ui-2.6.1.jar
7fb455641000-7fb455646000 r--s 00034000 08:08 3146743                    /home/intelcan/.gradle/caches/modules-2/files-2.1/com.google.code.gson/gson/2.7/751f548c85fa49f330cecbb1875893f971b33c4e/gson-2.7.jar
7fb455646000-7fb455649000 ---p 00000000 00:00 0 
7fb455649000-7fb455747000 rw-p 00000000 00:00 0 
7fb455747000-7fb4557c9000 r--p 00000000 08:06 2929498                    /usr/lib/locale/locale-archive
7fb4557c9000-7fb4557cc000 ---p 00000000 00:00 0 
7fb4557cc000-7fb4558ca000 rw-p 00000000 00:00 0 
7fb4558ca000-7fb4558cd000 ---p 00000000 00:00 0 
7fb4558cd000-7fb4559cb000 rw-p 00000000 00:00 0 
7fb4559cb000-7fb4559cc000 ---p 00000000 00:00 0 
7fb4559cc000-7fb4569db000 rw-p 00000000 00:00 0 
7fb4569db000-7fb456ba9000 r--s 03c07000 08:06 3156418                    /usr/lib/jvm/java-8-openjdk/jre/lib/rt.jar
7fb456ba9000-7fb457785000 rw-p 00000000 00:00 0 
7fb457785000-7fb457786000 ---p 00000000 00:00 0 
7fb457786000-7fb457886000 rw-p 00000000 00:00 0 
7fb457886000-7fb457887000 ---p 00000000 00:00 0 
7fb457887000-7fb457987000 rw-p 00000000 00:00 0 
7fb457987000-7fb457988000 ---p 00000000 00:00 0 
7fb457988000-7fb457a88000 rw-p 00000000 00:00 0 
7fb457a88000-7fb457a89000 ---p 00000000 00:00 0 
7fb457a89000-7fb457bb0000 rw-p 00000000 00:00 0 
7fb457bb0000-7fb457e1c000 ---p 00000000 00:00 0 
7fb457e1c000-7fb457e43000 rw-p 00000000 00:00 0 
7fb457e43000-7fb4580ae000 ---p 00000000 00:00 0 
7fb4580ae000-7fb458179000 rw-p 00000000 00:00 0 
7fb458179000-7fb4581f8000 ---p 00000000 00:00 0 
7fb4581f8000-7fb458221000 rw-p 00000000 00:00 0 
7fb458221000-7fb4585b9000 ---p 00000000 00:00 0 
7fb4585b9000-7fb458fa9000 rwxp 00000000 00:00 0 
7fb458fa9000-7fb4675b9000 ---p 00000000 00:00 0 
7fb4675b9000-7fb4675c1000 r-xp 00000000 08:06 3156474                    /usr/lib/jvm/java-8-openjdk/jre/lib/amd64/libzip.so
7fb4675c1000-7fb4677c0000 ---p 00008000 08:06 3156474                    /usr/lib/jvm/java-8-openjdk/jre/lib/amd64/libzip.so
7fb4677c0000-7fb4677c1000 r--p 00007000 08:06 3156474                    /usr/lib/jvm/java-8-openjdk/jre/lib/amd64/libzip.so
7fb4677c1000-7fb4677c2000 rw-p 00008000 08:06 3156474                    /usr/lib/jvm/java-8-openjdk/jre/lib/amd64/libzip.so
7fb4677c2000-7fb4677cd000 r-xp 00000000 08:06 2887016                    /usr/lib/libnss_files-2.25.so
7fb4677cd000-7fb4679cc000 ---p 0000b000 08:06 2887016                    /usr/lib/libnss_files-2.25.so
7fb4679cc000-7fb4679cd000 r--p 0000a000 08:06 2887016                    /usr/lib/libnss_files-2.25.so
7fb4679cd000-7fb4679ce000 rw-p 0000b000 08:06 2887016                    /usr/lib/libnss_files-2.25.so
7fb4679ce000-7fb4679d4000 rw-p 00000000 00:00 0 
7fb4679d4000-7fb4679df000 r-xp 00000000 08:06 2887018                    /usr/lib/libnss_nis-2.25.so
7fb4679df000-7fb467bde000 ---p 0000b000 08:06 2887018                    /usr/lib/libnss_nis-2.25.so
7fb467bde000-7fb467bdf000 r--p 0000a000 08:06 2887018                    /usr/lib/libnss_nis-2.25.so
7fb467bdf000-7fb467be0000 rw-p 0000b000 08:06 2887018                    /usr/lib/libnss_nis-2.25.so
7fb467be0000-7fb467bf5000 r-xp 00000000 08:06 2887022                    /usr/lib/libnsl-2.25.so
7fb467bf5000-7fb467df4000 ---p 00015000 08:06 2887022                    /usr/lib/libnsl-2.25.so
7fb467df4000-7fb467df5000 r--p 00014000 08:06 2887022                    /usr/lib/libnsl-2.25.so
7fb467df5000-7fb467df6000 rw-p 00015000 08:06 2887022                    /usr/lib/libnsl-2.25.so
7fb467df6000-7fb467df8000 rw-p 00000000 00:00 0 
7fb467df8000-7fb467dff000 r-xp 00000000 08:06 2887013                    /usr/lib/libnss_compat-2.25.so
7fb467dff000-7fb467ffe000 ---p 00007000 08:06 2887013                    /usr/lib/libnss_compat-2.25.so
7fb467ffe000-7fb467fff000 r--p 00006000 08:06 2887013                    /usr/lib/libnss_compat-2.25.so
7fb467fff000-7fb468000000 rw-p 00007000 08:06 2887013                    /usr/lib/libnss_compat-2.25.so
7fb468000000-7fb468e96000 rw-p 00000000 00:00 0 
7fb468e96000-7fb46c000000 ---p 00000000 00:00 0 
7fb46c000000-7fb46c001000 r--s 00000000 08:08 3146741                    /home/intelcan/.gradle/caches/modules-2/files-2.1/org.springframework.boot/spring-boot-starter-web/1.4.0.RELEASE/bcefa854b75a7e0bcf612bfbe030bdcb05c9da82/spring-boot-starter-web-1.4.0.RELEASE.jar
7fb46c001000-7fb46c077000 rw-p 00000000 00:00 0 
7fb46c077000-7fb46c081000 r-xp 00000000 08:06 3156482                    /usr/lib/jvm/java-8-openjdk/jre/lib/amd64/libinstrument.so
7fb46c081000-7fb46c280000 ---p 0000a000 08:06 3156482                    /usr/lib/jvm/java-8-openjdk/jre/lib/amd64/libinstrument.so
7fb46c280000-7fb46c281000 r--p 00009000 08:06 3156482                    /usr/lib/jvm/java-8-openjdk/jre/lib/amd64/libinstrument.so
7fb46c281000-7fb46c282000 rw-p 0000a000 08:06 3156482                    /usr/lib/jvm/java-8-openjdk/jre/lib/amd64/libinstrument.so
7fb46c282000-7fb46c2af000 r-xp 00000000 08:06 3156475                    /usr/lib/jvm/java-8-openjdk/jre/lib/amd64/libjava.so
7fb46c2af000-7fb46c4ae000 ---p 0002d000 08:06 3156475                    /usr/lib/jvm/java-8-openjdk/jre/lib/amd64/libjava.so
7fb46c4ae000-7fb46c4af000 r--p 0002c000 08:06 3156475                    /usr/lib/jvm/java-8-openjdk/jre/lib/amd64/libjava.so
7fb46c4af000-7fb46c4b1000 rw-p 0002d000 08:06 3156475                    /usr/lib/jvm/java-8-openjdk/jre/lib/amd64/libjava.so
7fb46c4b1000-7fb46c4be000 r-xp 00000000 08:06 3156463                    /usr/lib/jvm/java-8-openjdk/jre/lib/amd64/libverify.so
7fb46c4be000-7fb46c6bd000 ---p 0000d000 08:06 3156463                    /usr/lib/jvm/java-8-openjdk/jre/lib/amd64/libverify.so
7fb46c6bd000-7fb46c6bf000 r--p 0000c000 08:06 3156463                    /usr/lib/jvm/java-8-openjdk/jre/lib/amd64/libverify.so
7fb46c6bf000-7fb46c6c0000 rw-p 0000e000 08:06 3156463                    /usr/lib/jvm/java-8-openjdk/jre/lib/amd64/libverify.so
7fb46c6c0000-7fb46c6c7000 r-xp 00000000 08:06 2887024                    /usr/lib/librt-2.25.so
7fb46c6c7000-7fb46c8c6000 ---p 00007000 08:06 2887024                    /usr/lib/librt-2.25.so
7fb46c8c6000-7fb46c8c7000 r--p 00006000 08:06 2887024                    /usr/lib/librt-2.25.so
7fb46c8c7000-7fb46c8c8000 rw-p 00007000 08:06 2887024                    /usr/lib/librt-2.25.so
7fb46c8c8000-7fb46c9d8000 r-xp 00000000 08:06 2887021                    /usr/lib/libm-2.25.so
7fb46c9d8000-7fb46cbd8000 ---p 00110000 08:06 2887021                    /usr/lib/libm-2.25.so
7fb46cbd8000-7fb46cbd9000 r--p 00110000 08:06 2887021                    /usr/lib/libm-2.25.so
7fb46cbd9000-7fb46cbda000 rw-p 00111000 08:06 2887021                    /usr/lib/libm-2.25.so
7fb46cbda000-7fb46d843000 r-xp 00000000 08:06 139576                     /usr/lib/jvm/java-8-openjdk/jre/lib/amd64/server/libjvm.so
7fb46d843000-7fb46da42000 ---p 00c69000 08:06 139576                     /usr/lib/jvm/java-8-openjdk/jre/lib/amd64/server/libjvm.so
7fb46da42000-7fb46dad6000 r--p 00c68000 08:06 139576                     /usr/lib/jvm/java-8-openjdk/jre/lib/amd64/server/libjvm.so
7fb46dad6000-7fb46dafe000 rw-p 00cfc000 08:06 139576                     /usr/lib/jvm/java-8-openjdk/jre/lib/amd64/server/libjvm.so
7fb46dafe000-7fb46db2f000 rw-p 00000000 00:00 0 
7fb46db2f000-7fb46dccb000 r-xp 00000000 08:06 2886970                    /usr/lib/libc-2.25.so
7fb46dccb000-7fb46deca000 ---p 0019c000 08:06 2886970                    /usr/lib/libc-2.25.so
7fb46deca000-7fb46dece000 r--p 0019b000 08:06 2886970                    /usr/lib/libc-2.25.so
7fb46dece000-7fb46ded0000 rw-p 0019f000 08:06 2886970                    /usr/lib/libc-2.25.so
7fb46ded0000-7fb46ded4000 rw-p 00000000 00:00 0 
7fb46ded4000-7fb46ded7000 r-xp 00000000 08:06 2887020                    /usr/lib/libdl-2.25.so
7fb46ded7000-7fb46e0d6000 ---p 00003000 08:06 2887020                    /usr/lib/libdl-2.25.so
7fb46e0d6000-7fb46e0d7000 r--p 00002000 08:06 2887020                    /usr/lib/libdl-2.25.so
7fb46e0d7000-7fb46e0d8000 rw-p 00003000 08:06 2887020                    /usr/lib/libdl-2.25.so
7fb46e0d8000-7fb46e0e5000 r-xp 00000000 08:06 139579                     /usr/lib/jvm/java-8-openjdk/jre/lib/amd64/jli/libjli.so
7fb46e0e5000-7fb46e2e4000 ---p 0000d000 08:06 139579                     /usr/lib/jvm/java-8-openjdk/jre/lib/amd64/jli/libjli.so
7fb46e2e4000-7fb46e2e5000 r--p 0000c000 08:06 139579                     /usr/lib/jvm/java-8-openjdk/jre/lib/amd64/jli/libjli.so
7fb46e2e5000-7fb46e2e6000 rw-p 0000d000 08:06 139579                     /usr/lib/jvm/java-8-openjdk/jre/lib/amd64/jli/libjli.so
7fb46e2e6000-7fb46e2fc000 r-xp 00000000 08:06 2891306                    /usr/lib/libz.so.1.2.11
7fb46e2fc000-7fb46e4fb000 ---p 00016000 08:06 2891306                    /usr/lib/libz.so.1.2.11
7fb46e4fb000-7fb46e4fc000 r--p 00015000 08:06 2891306                    /usr/lib/libz.so.1.2.11
7fb46e4fc000-7fb46e4fd000 rw-p 00016000 08:06 2891306                    /usr/lib/libz.so.1.2.11
7fb46e4fd000-7fb46e516000 r-xp 00000000 08:06 2886951                    /usr/lib/libpthread-2.25.so
7fb46e516000-7fb46e715000 ---p 00019000 08:06 2886951                    /usr/lib/libpthread-2.25.so
7fb46e715000-7fb46e716000 r--p 00018000 08:06 2886951                    /usr/lib/libpthread-2.25.so
7fb46e716000-7fb46e717000 rw-p 00019000 08:06 2886951                    /usr/lib/libpthread-2.25.so
7fb46e717000-7fb46e71b000 rw-p 00000000 00:00 0 
7fb46e71b000-7fb46e73e000 r-xp 00000000 08:06 2886969                    /usr/lib/ld-2.25.so
7fb46e73e000-7fb46e751000 r--s 00346000 08:06 3156435                    /usr/lib/jvm/java-8-openjdk/jre/lib/resources.jar
7fb46e751000-7fb46e752000 r--s 00000000 08:06 3156430                    /usr/lib/jvm/java-8-openjdk/jre/lib/management-agent.jar
7fb46e752000-7fb46e757000 r--s 0009a000 08:06 3156424                    /usr/lib/jvm/java-8-openjdk/jre/lib/jsse.jar
7fb46e757000-7fb46e75a000 r--s 00015000 08:06 3156429                    /usr/lib/jvm/java-8-openjdk/jre/lib/jce.jar
7fb46e75a000-7fb46e75f000 r--s 002f9000 08:06 3156431                    /usr/lib/jvm/java-8-openjdk/jre/lib/charsets.jar
7fb46e75f000-7fb46e807000 rw-p 00000000 00:00 0 
7fb46e807000-7fb46e80a000 ---p 00000000 00:00 0 
7fb46e80a000-7fb46e931000 rw-p 00000000 00:00 0 
7fb46e931000-7fb46e939000 rw-s 00000000 00:25 430274                     /tmp/hsperfdata_intelcan/13108
7fb46e939000-7fb46e93a000 rw-p 00000000 00:00 0 
7fb46e93a000-7fb46e93b000 ---p 00000000 00:00 0 
7fb46e93b000-7fb46e93d000 rw-p 00000000 00:00 0 
7fb46e93d000-7fb46e93e000 r--p 00022000 08:06 2886969                    /usr/lib/ld-2.25.so
7fb46e93e000-7fb46e93f000 rw-p 00023000 08:06 2886969                    /usr/lib/ld-2.25.so
7fb46e93f000-7fb46e940000 rw-p 00000000 00:00 0 
7fff68927000-7fff6894c000 rw-p 00000000 00:00 0                          [stack]
7fff689b7000-7fff689b9000 r--p 00000000 00:00 0                          [vvar]
7fff689b9000-7fff689bb000 r-xp 00000000 00:00 0                          [vdso]
ffffffffff600000-ffffffffff601000 r-xp 00000000 00:00 0                  [vsyscall]

VM Arguments:
jvm_args: -XX:TieredStopAtLevel=1 -Xverify:none -Dspring.output.ansi.enabled=always -Dcom.sun.management.jmxremote -Dcom.sun.management.jmxremote.port=35509 -Dcom.sun.management.jmxremote.authenticate=false -Dcom.sun.management.jmxremote.ssl=false -Dspring.liveBeansView.mbeanDomain -Dspring.application.admin.enabled=true -javaagent:/opt/idea/lib/idea_rt.jar=38269:/opt/idea/bin -Dfile.encoding=UTF-8 
java_command: org.JKDW.Application
java_class_path (initial): /usr/lib/jvm/java-8-openjdk/jre/lib/charsets.jar:/usr/lib/jvm/java-8-openjdk/jre/lib/ext/cldrdata.jar:/usr/lib/jvm/java-8-openjdk/jre/lib/ext/dnsns.jar:/usr/lib/jvm/java-8-openjdk/jre/lib/ext/jaccess.jar:/usr/lib/jvm/java-8-openjdk/jre/lib/ext/localedata.jar:/usr/lib/jvm/java-8-openjdk/jre/lib/ext/nashorn.jar:/usr/lib/jvm/java-8-openjdk/jre/lib/ext/sunec.jar:/usr/lib/jvm/java-8-openjdk/jre/lib/ext/sunjce_provider.jar:/usr/lib/jvm/java-8-openjdk/jre/lib/ext/sunpkcs11.jar:/usr/lib/jvm/java-8-openjdk/jre/lib/ext/zipfs.jar:/usr/lib/jvm/java-8-openjdk/jre/lib/jce.jar:/usr/lib/jvm/java-8-openjdk/jre/lib/jsse.jar:/usr/lib/jvm/java-8-openjdk/jre/lib/management-agent.jar:/usr/lib/jvm/java-8-openjdk/jre/lib/resources.jar:/usr/lib/jvm/java-8-openjdk/jre/lib/rt.jar:/home/intelcan/Java/WebKitchen_git/build/classes/main:/home/intelcan/.gradle/caches/modules-2/files-2.1/org.springframework.boot/spring-boot-starter-web/1.4.0.RELEASE/bcefa854b75a7e0bcf612bfbe030bdcb05c9da82/spring-boot-starter-web-1.4.0.RELEASE.jar:/home/intelcan/.gradle/caches/modules-2/files-2.1/com.google.code.gson/gson/2.7/751f548c85fa49f330cecbb1875893f971b33c4e/gson-2.7.jar:/home/intelcan/.gradle/caches/modules-2/files-2.1/io.springfox/springfox-swagger-ui/2.6.1/4c854c86c91ab36c86fc1a63571a0614c2ea9ab2/springfox-swagger-ui-2.6.1.jar:/home/intelcan/Java/WebKitchen_git/build/generated-web-resources:/home/intelcan/.gradle/caches/modules-2/files-2.1/io.springfox/springfox-swagger2/2.7.0/dd28b7ce26af1209d6ef19f5f24a8c23b41ca6fc/springfox-swagger2-2.7.0.jar:/home/intelcan/.gradle/caches/modules-2/files-2.1/org.springframework.boot/spring-boot-starter-data-jpa/1.4.0.RELEASE/d373fd566589910cdde69ca3b9de79c433eb29dd/spring-boot-starter-data-jpa-1.4.0.RELEASE.jar:/home/intelcan/.gradle/caches/modules-2/files-2.1/org.springframework.boot/spring-boot-starter-mail/1.5.3.RELEASE/f6f5d95f49bdbc36088cf5f7e7c02320b6fdad18/spring-boot-starter-mail-1.5.3.RELEASE.jar:/home/intelcan/.gradle/caches/modu
Launcher Type: SUN_STANDARD

Environment Variables:
JAVA_HOME=/usr/lib64/jvm/java-8-openjdk
PATH=/usr/lib64/jvm/java-8-openjdk/bin:/usr/local/sbin:/usr/local/bin:/usr/bin:/usr/lib/jvm/default/bin:/usr/bin/site_perl:/usr/bin/vendor_perl:/usr/bin/core_perl
LD_LIBRARY_PATH=/opt/idea/bin:
SHELL=/bin/bash
DISPLAY=:0

Signal Handlers:
SIGSEGV: [libjvm.so+0xa69be0], sa_mask[0]=11111111011111111101111111111110, sa_flags=SA_RESTART|SA_SIGINFO
SIGBUS: [libjvm.so+0xa69be0], sa_mask[0]=11111111011111111101111111111110, sa_flags=SA_RESTART|SA_SIGINFO
SIGFPE: [libjvm.so+0x8aad70], sa_mask[0]=11111111011111111101111111111110, sa_flags=SA_RESTART|SA_SIGINFO
SIGPIPE: [libjvm.so+0x8aad70], sa_mask[0]=11111111011111111101111111111110, sa_flags=SA_RESTART|SA_SIGINFO
SIGXFSZ: [libjvm.so+0x8aad70], sa_mask[0]=11111111011111111101111111111110, sa_flags=SA_RESTART|SA_SIGINFO
SIGILL: [libjvm.so+0x8aad70], sa_mask[0]=11111111011111111101111111111110, sa_flags=SA_RESTART|SA_SIGINFO
SIGUSR1: SIG_DFL, sa_mask[0]=00000000000000000000000000000000, sa_flags=none
SIGUSR2: [libjvm.so+0x8aac40], sa_mask[0]=00100000000000000000000000000000, sa_flags=SA_RESTART|SA_SIGINFO
SIGHUP: [libjvm.so+0x8ab0a0], sa_mask[0]=11111111011111111101111111111110, sa_flags=SA_RESTART|SA_SIGINFO
SIGINT: [libjvm.so+0x8ab0a0], sa_mask[0]=11111111011111111101111111111110, sa_flags=SA_RESTART|SA_SIGINFO
SIGTERM: [libjvm.so+0x8ab0a0], sa_mask[0]=11111111011111111101111111111110, sa_flags=SA_RESTART|SA_SIGINFO
SIGQUIT: [libjvm.so+0x8ab0a0], sa_mask[0]=11111111011111111101111111111110, sa_flags=SA_RESTART|SA_SIGINFO


---------------  S Y S T E M  ---------------

OS:NAME="Arch Linux"
PRETTY_NAME="Arch Linux"
ID=arch
ID_LIKE=archlinux
ANSI_COLOR="0;36"
HOME_URL="https://www.archlinux.org/"
SUPPORT_URL="https://bbs.archlinux.org/"
BUG_REPORT_URL="https://bugs.archlinux.org/"


uname:Linux 4.11.3-1-ARCH #1 SMP PREEMPT Sun May 28 10:40:17 CEST 2017 x86_64
libc:glibc 2.25 NPTL 2.25 
rlimit: STACK 8192k, CORE infinity, NPROC 31285, NOFILE 4096, AS infinity
load average:1,04 0,94 1,12

/proc/meminfo:
MemTotal:        8089404 kB
MemFree:          166708 kB
MemAvailable:      98880 kB
Buffers:            1804 kB
Cached:           698064 kB
SwapCached:            0 kB
Active:          6970444 kB
Inactive:         654432 kB
Active(anon):    6932340 kB
Inactive(anon):   604968 kB
Active(file):      38104 kB
Inactive(file):    49464 kB
Unevictable:         168 kB
Mlocked:             168 kB
SwapTotal:             0 kB
SwapFree:              0 kB
Dirty:               120 kB
Writeback:             0 kB
AnonPages:       6925920 kB
Mapped:           500120 kB
Shmem:            611864 kB
Slab:             100840 kB
SReclaimable:      54644 kB
SUnreclaim:        46196 kB
KernelStack:       15008 kB
PageTables:        80076 kB
NFS_Unstable:          0 kB
Bounce:                0 kB
WritebackTmp:          0 kB
CommitLimit:     4044700 kB
Committed_AS:   15163556 kB
VmallocTotal:   34359738367 kB
VmallocUsed:           0 kB
VmallocChunk:          0 kB
HardwareCorrupted:     0 kB
AnonHugePages:   2719744 kB
ShmemHugePages:        0 kB
ShmemPmdMapped:        0 kB
HugePages_Total:       0
HugePages_Free:        0
HugePages_Rsvd:        0
HugePages_Surp:        0
Hugepagesize:       2048 kB
DirectMap4k:      219904 kB
DirectMap2M:     8079360 kB
DirectMap1G:     1048576 kB


CPU:total 4 (initial active 4) (2 cores per cpu, 2 threads per core) family 6 model 60 stepping 3, cmov, cx8, fxsr, mmx, sse, sse2, sse3, ssse3, sse4.1, sse4.2, popcnt, avx, avx2, aes, clmul, erms, lzcnt, ht, tsc, tscinvbit, bmi1, bmi2

/proc/cpuinfo:
processor	: 0
vendor_id	: GenuineIntel
cpu family	: 6
model		: 60
model name	: Intel(R) Core(TM) i5-4200M CPU @ 2.50GHz
stepping	: 3
microcode	: 0x10
cpu MHz		: 3075.561
cache size	: 3072 KB
physical id	: 0
siblings	: 4
core id		: 0
cpu cores	: 2
apicid		: 0
initial apicid	: 0
fpu		: yes
fpu_exception	: yes
cpuid level	: 13
wp		: yes
flags		: fpu vme de pse tsc msr pae mce cx8 apic sep mtrr pge mca cmov pat pse36 clflush dts acpi mmx fxsr sse sse2 ss ht tm pbe syscall nx pdpe1gb rdtscp lm constant_tsc arch_perfmon pebs bts rep_good nopl xtopology nonstop_tsc cpuid aperfmperf pni pclmulqdq dtes64 monitor ds_cpl vmx est tm2 ssse3 sdbg fma cx16 xtpr pdcm pcid sse4_1 sse4_2 movbe popcnt tsc_deadline_timer aes xsave avx f16c rdrand lahf_lm abm epb tpr_shadow vnmi flexpriority ept vpid fsgsbase tsc_adjust bmi1 avx2 smep bmi2 erms invpcid xsaveopt dtherm ida arat pln pts
bugs		:
bogomips	: 4990.03
clflush size	: 64
cache_alignment	: 64
address sizes	: 39 bits physical, 48 bits virtual
power management:

processor	: 1
vendor_id	: GenuineIntel
cpu family	: 6
model		: 60
model name	: Intel(R) Core(TM) i5-4200M CPU @ 2.50GHz
stepping	: 3
microcode	: 0x10
cpu MHz		: 3084.106
cache size	: 3072 KB
physical id	: 0
siblings	: 4
core id		: 0
cpu cores	: 2
apicid		: 1
initial apicid	: 1
fpu		: yes
fpu_exception	: yes
cpuid level	: 13
wp		: yes
flags		: fpu vme de pse tsc msr pae mce cx8 apic sep mtrr pge mca cmov pat pse36 clflush dts acpi mmx fxsr sse sse2 ss ht tm pbe syscall nx pdpe1gb rdtscp lm constant_tsc arch_perfmon pebs bts rep_good nopl xtopology nonstop_tsc cpuid aperfmperf pni pclmulqdq dtes64 monitor ds_cpl vmx est tm2 ssse3 sdbg fma cx16 xtpr pdcm pcid sse4_1 sse4_2 movbe popcnt tsc_deadline_timer aes xsave avx f16c rdrand lahf_lm abm epb tpr_shadow vnmi flexpriority ept vpid fsgsbase tsc_adjust bmi1 avx2 smep bmi2 erms invpcid xsaveopt dtherm ida arat pln pts
bugs		:
bogomips	: 4991.90
clflush size	: 64
cache_alignment	: 64
address sizes	: 39 bits physical, 48 bits virtual
power management:

processor	: 2
vendor_id	: GenuineIntel
cpu family	: 6
model		: 60
model name	: Intel(R) Core(TM) i5-4200M CPU @ 2.50GHz
stepping	: 3
microcode	: 0x10
cpu MHz		: 2999.877
cache size	: 3072 KB
physical id	: 0
siblings	: 4
core id		: 1
cpu cores	: 2
apicid		: 2
initial apicid	: 2
fpu		: yes
fpu_exception	: yes
cpuid level	: 13
wp		: yes
flags		: fpu vme de pse tsc msr pae mce cx8 apic sep mtrr pge mca cmov pat pse36 clflush dts acpi mmx fxsr sse sse2 ss ht tm pbe syscall nx pdpe1gb rdtscp lm constant_tsc arch_perfmon pebs bts rep_good nopl xtopology nonstop_tsc cpuid aperfmperf pni pclmulqdq dtes64 monitor ds_cpl vmx est tm2 ssse3 sdbg fma cx16 xtpr pdcm pcid sse4_1 sse4_2 movbe popcnt tsc_deadline_timer aes xsave avx f16c rdrand lahf_lm abm epb tpr_shadow vnmi flexpriority ept vpid fsgsbase tsc_adjust bmi1 avx2 smep bmi2 erms invpcid xsaveopt dtherm ida arat pln pts
bugs		:
bogomips	: 4991.34
clflush size	: 64
cache_alignment	: 64
address sizes	: 39 bits physical, 48 bits virtual
power management:

processor	: 3
vendor_id	: GenuineIntel
cpu family	: 6
model		: 60
model name	: Intel(R) Core(TM) i5-4200M CPU @ 2.50GHz
stepping	: 3
microcode	: 0x10
cpu MHz		: 3000.030
cache size	: 3072 KB
physical id	: 0
siblings	: 4
core id		: 1
cpu cores	: 2
apicid		: 3
initial apicid	: 3
fpu		: yes
fpu_exception	: yes
cpuid level	: 13
wp		: yes
flags		: fpu vme de pse tsc msr pae mce cx8 apic sep mtrr pge mca cmov pat pse36 clflush dts acpi mmx fxsr sse sse2 ss ht tm pbe syscall nx pdpe1gb rdtscp lm constant_tsc arch_perfmon pebs bts rep_good nopl xtopology nonstop_tsc cpuid aperfmperf pni pclmulqdq dtes64 monitor ds_cpl vmx est tm2 ssse3 sdbg fma cx16 xtpr pdcm pcid sse4_1 sse4_2 movbe popcnt tsc_deadline_timer aes xsave avx f16c rdrand lahf_lm abm epb tpr_shadow vnmi flexpriority ept vpid fsgsbase tsc_adjust bmi1 avx2 smep bmi2 erms invpcid xsaveopt dtherm ida arat pln pts
bugs		:
bogomips	: 4991.36
clflush size	: 64
cache_alignment	: 64
address sizes	: 39 bits physical, 48 bits virtual
power management:



Memory: 4k page, physical 8089404k(166620k free), swap 0k(0k free)

vm_info: OpenJDK 64-Bit Server VM (25.131-b11) for linux-amd64 JRE (1.8.0_131-b11), built on Jun 10 2017 08:19:59 by "builduser" with gcc 7.1.1 20170516

time: Sat Sep  2 16:50:21 2017
elapsed time: 7 seconds (0d 0h 0m 7s)

